Log file open, 09/23/18 13:03:13
LogWindows: Failed to load 'aqProf.dll' (GetLastError=126)
LogWindows: File 'aqProf.dll' does not exist
LogWindows: Failed to load 'VtuneApi.dll' (GetLastError=126)
LogWindows: File 'VtuneApi.dll' does not exist
LogWindows: Failed to load 'VtuneApi32e.dll' (GetLastError=126)
LogWindows: File 'VtuneApi32e.dll' does not exist
LogInit: Display: Running engine for game: BuildingEscape
LogPlatformFile: Not using cached read wrapper
LogInit: Display: RandInit(-2052963310) SRandInit(-2052963310).
LogInit: Read version file with build ID '3944462'
LogInit: Overriding engine version to CL 4033788, compatible CL 3944462
LogInit: Registered custom module enumerator with build ID '3944462'
LogTaskGraph: Started task graph with 5 named threads and 23 total threads with 3 sets of task threads.
LogStats: Stats thread started at 0.260145
LogD3D11RHI: Aftermath initialized
LogICUInternationalization: Display: ICU TimeZone Detection - Raw Offset: -5:00, Platform Override: ''
LogPluginManager: Mounting plugin Paper2D
LogPluginManager: Mounting plugin LiveLink
LogPluginManager: Mounting plugin LightPropagationVolume
LogPluginManager: Mounting plugin CLionSourceCodeAccess
LogPluginManager: Mounting plugin CodeLiteSourceCodeAccess
LogPluginManager: Mounting plugin GitSourceControl
LogPluginManager: Mounting plugin KDevelopSourceCodeAccess
LogPluginManager: Mounting plugin NullSourceCodeAccess
LogPluginManager: Mounting plugin PerforceSourceControl
LogPluginManager: Mounting plugin SubversionSourceControl
LogPluginManager: Mounting plugin UObjectPlugin
LogPluginManager: Mounting plugin VisualStudioCodeSourceCodeAccess
LogPluginManager: Mounting plugin VisualStudioSourceCodeAccess
LogPluginManager: Mounting plugin XCodeSourceCodeAccess
LogPluginManager: Mounting plugin AssetManagerEditor
LogPluginManager: Mounting plugin CryptoKeys
LogPluginManager: Mounting plugin DataValidation
LogPluginManager: Mounting plugin FacialAnimation
LogPluginManager: Mounting plugin GameplayTagsEditor
LogPluginManager: Mounting plugin MobileLauncherProfileWizard
LogPluginManager: Mounting plugin PluginBrowser
LogPluginManager: Mounting plugin SpeedTreeImporter
LogPluginManager: Mounting plugin DatasmithContent
LogPluginManager: Mounting plugin AlembicImporter
LogPluginManager: Mounting plugin CharacterAI
LogPluginManager: Mounting plugin HTML5Networking
LogPluginManager: Mounting plugin AndroidMedia
LogPluginManager: Mounting plugin AvfMedia
LogPluginManager: Mounting plugin ImgMedia
LogPluginManager: Mounting plugin LinearTimecode
LogPluginManager: Mounting plugin MediaCompositing
LogPluginManager: Mounting plugin MediaPlayerEditor
LogPluginManager: Mounting plugin WmfMedia
LogPluginManager: Mounting plugin TcpMessaging
LogPluginManager: Mounting plugin UdpMessaging
LogPluginManager: Mounting plugin ActorSequence
LogPluginManager: Mounting plugin LevelSequenceEditor
LogPluginManager: Mounting plugin MatineeToLevelSequence
LogPluginManager: Mounting plugin NetcodeUnitTest
LogPluginManager: Mounting plugin NUTUnrealEngine4
LogPluginManager: Mounting plugin OnlineSubsystemGooglePlay
LogPluginManager: Mounting plugin OnlineSubsystemIOS
LogPluginManager: Mounting plugin OnlineSubsystem
LogPluginManager: Mounting plugin OnlineSubsystemNull
LogPluginManager: Mounting plugin OnlineSubsystemUtils
LogPluginManager: Mounting plugin AndroidDeviceProfileSelector
LogPluginManager: Mounting plugin AndroidMoviePlayer
LogPluginManager: Mounting plugin AndroidPermission
LogPluginManager: Mounting plugin AppleARKit
LogPluginManager: Mounting plugin AppleMoviePlayer
LogPluginManager: Mounting plugin ArchVisCharacter
LogPluginManager: Mounting plugin AudioCapture
LogPluginManager: Mounting plugin CableComponent
LogPluginManager: Mounting plugin CustomMeshComponent
LogPluginManager: Mounting plugin ExampleDeviceProfileSelector
LogPluginManager: Mounting plugin GoogleCloudMessaging
LogPluginManager: Mounting plugin ImmediatePhysics
LogPluginManager: Mounting plugin IOSDeviceProfileSelector
LogPluginManager: Mounting plugin LinuxDeviceProfileSelector
LogPluginManager: Mounting plugin LocationServicesBPLibrary
LogPluginManager: Mounting plugin MobilePatchingUtils
LogPluginManager: Mounting plugin OculusVR
LogPluginManager: Plugin shader directory ../../../Engine/Plugins/Runtime/Oculus/OculusVR/Shaders found
LogPluginManager: Mapping shader source directory ../../../Engine/Plugins/Runtime/Oculus/OculusVR/Shaders to virtual directory /Plugin/OculusVR
LogPluginManager: Mounting plugin PhysXVehicles
LogPluginManager: Mounting plugin ProceduralMeshComponent
LogPluginManager: Mounting plugin RuntimePhysXCooking
LogPluginManager: Mounting plugin SteamVR
LogPluginManager: Mounting plugin WindowsMoviePlayer
LogStreaming: Display: Took  0.137s to configure plugins.
LogModuleManager: Display: Found up-to-date module file ../../../../../../Users/Maurice/source/repos/03_BuildingEscape/BuildingEscape/Binaries/Win64/UE4Editor-BuildingEscape.dll (API version 3944462).
LogModuleManager: Display: Found up-to-date module file ../../../Engine/Plugins/2D/Paper2D/Binaries/Win64/UE4Editor-Paper2D.dll (API version 3944462).
LogModuleManager: Display: Found up-to-date module file ../../../Engine/Plugins/2D/Paper2D/Binaries/Win64/UE4Editor-Paper2DEditor.dll (API version 3944462).
LogModuleManager: Display: Found up-to-date module file ../../../Engine/Plugins/2D/Paper2D/Binaries/Win64/UE4Editor-PaperSpriteSheetImporter.dll (API version 3944462).
LogModuleManager: Display: Found up-to-date module file ../../../Engine/Plugins/2D/Paper2D/Binaries/Win64/UE4Editor-PaperTiledImporter.dll (API version 3944462).
LogModuleManager: Display: Found up-to-date module file ../../../Engine/Plugins/2D/Paper2D/Binaries/Win64/UE4Editor-SmartSnapping.dll (API version 3944462).
LogModuleManager: Display: Found up-to-date module file ../../../Engine/Plugins/Animation/LiveLink/Binaries/Win64/UE4Editor-LiveLink.dll (API version 3944462).
LogModuleManager: Display: Found up-to-date module file ../../../Engine/Plugins/Animation/LiveLink/Binaries/Win64/UE4Editor-LiveLinkEditor.dll (API version 3944462).
LogModuleManager: Display: Found up-to-date module file ../../../Engine/Plugins/Blendables/LightPropagationVolume/Binaries/Win64/UE4Editor-LightPropagationVolumeRuntime.dll (API version 3944462).
LogModuleManager: Display: Found up-to-date module file ../../../Engine/Plugins/Blendables/LightPropagationVolume/Binaries/Win64/UE4Editor-LightPropagationVolumeEditor.dll (API version 3944462).
LogModuleManager: Display: Found up-to-date module file ../../../Engine/Plugins/Developer/CLionSourceCodeAccess/Binaries/Win64/UE4Editor-CLionSourceCodeAccess.dll (API version 3944462).
LogModuleManager: Display: Found up-to-date module file ../../../Engine/Plugins/Developer/GitSourceControl/Binaries/Win64/UE4Editor-GitSourceControl.dll (API version 3944462).
LogModuleManager: Display: Found up-to-date module file ../../../Engine/Plugins/Developer/PerforceSourceControl/Binaries/Win64/UE4Editor-PerforceSourceControl.dll (API version 3944462).
LogModuleManager: Display: Found up-to-date module file ../../../Engine/Plugins/Developer/SubversionSourceControl/Binaries/Win64/UE4Editor-SubversionSourceControl.dll (API version 3944462).
LogModuleManager: Display: Found up-to-date module file ../../../Engine/Plugins/Developer/UObjectPlugin/Binaries/Win64/UE4Editor-UObjectPlugin.dll (API version 3944462).
LogModuleManager: Display: Found up-to-date module file ../../../Engine/Plugins/Developer/VisualStudioCodeSourceCodeAccess/Binaries/Win64/UE4Editor-VisualStudioCodeSourceCodeAccess.dll (API version 3944462).
LogModuleManager: Display: Found up-to-date module file ../../../Engine/Plugins/Developer/VisualStudioSourceCodeAccess/Binaries/Win64/UE4Editor-VisualStudioSourceCodeAccess.dll (API version 3944462).
LogModuleManager: Display: Found up-to-date module file ../../../Engine/Plugins/Editor/AssetManagerEditor/Binaries/Win64/UE4Editor-AssetManagerEditor.dll (API version 3944462).
LogModuleManager: Display: Found up-to-date module file ../../../Engine/Plugins/Editor/CryptoKeys/Binaries/Win64/UE4Editor-CryptoKeys.dll (API version 3944462).
LogModuleManager: Display: Found up-to-date module file ../../../Engine/Plugins/Editor/CryptoKeys/Binaries/Win64/UE4Editor-CryptoKeysOpenSSL.dll (API version 3944462).
LogModuleManager: Display: Found up-to-date module file ../../../Engine/Plugins/Editor/DataValidation/Binaries/Win64/UE4Editor-DataValidation.dll (API version 3944462).
LogModuleManager: Display: Found up-to-date module file ../../../Engine/Plugins/Editor/FacialAnimation/Binaries/Win64/UE4Editor-FacialAnimation.dll (API version 3944462).
LogModuleManager: Display: Found up-to-date module file ../../../Engine/Plugins/Editor/FacialAnimation/Binaries/Win64/UE4Editor-FacialAnimationEditor.dll (API version 3944462).
LogModuleManager: Display: Found up-to-date module file ../../../Engine/Plugins/Editor/GameplayTagsEditor/Binaries/Win64/UE4Editor-GameplayTagsEditor.dll (API version 3944462).
LogModuleManager: Display: Found up-to-date module file ../../../Engine/Plugins/Editor/MobileLauncherProfileWizard/Binaries/Win64/UE4Editor-MobileLauncherProfileWizard.dll (API version 3944462).
LogModuleManager: Display: Found up-to-date module file ../../../Engine/Plugins/Editor/PluginBrowser/Binaries/Win64/UE4Editor-PluginBrowser.dll (API version 3944462).
LogModuleManager: Display: Found up-to-date module file ../../../Engine/Plugins/Editor/SpeedTreeImporter/Binaries/Win64/UE4Editor-SpeedTreeImporter.dll (API version 3944462).
LogModuleManager: Display: Found up-to-date module file ../../../Engine/Plugins/Enterprise/DatasmithContent/Binaries/Win64/UE4Editor-DatasmithContent.dll (API version 3944462).
LogModuleManager: Display: Found up-to-date module file ../../../Engine/Plugins/Experimental/AlembicImporter/Binaries/Win64/UE4Editor-AlembicImporter.dll (API version 3944462).
LogModuleManager: Display: Found up-to-date module file ../../../Engine/Plugins/Experimental/AlembicImporter/Binaries/Win64/UE4Editor-AlembicLibrary.dll (API version 3944462).
LogModuleManager: Display: Found up-to-date module file ../../../Engine/Plugins/Experimental/CharacterAI/Binaries/Win64/UE4Editor-CharacterAI.dll (API version 3944462).
LogModuleManager: Display: Found up-to-date module file ../../../Engine/Plugins/Experimental/HTML5Networking/Binaries/Win64/UE4Editor-HTML5Networking.dll (API version 3944462).
LogModuleManager: Display: Found up-to-date module file ../../../Engine/Plugins/Media/AndroidMedia/Binaries/Win64/UE4Editor-AndroidMediaEditor.dll (API version 3944462).
LogModuleManager: Display: Found up-to-date module file ../../../Engine/Plugins/Media/AndroidMedia/Binaries/Win64/UE4Editor-AndroidMediaFactory.dll (API version 3944462).
LogModuleManager: Display: Found up-to-date module file ../../../Engine/Plugins/Media/AvfMedia/Binaries/Win64/UE4Editor-AvfMediaEditor.dll (API version 3944462).
LogModuleManager: Display: Found up-to-date module file ../../../Engine/Plugins/Media/AvfMedia/Binaries/Win64/UE4Editor-AvfMediaFactory.dll (API version 3944462).
LogModuleManager: Display: Found up-to-date module file ../../../Engine/Plugins/Media/AvfMedia/Binaries/Win64/UE4Editor-AvfMediaFactory.dll (API version 3944462).
LogModuleManager: Display: Found up-to-date module file ../../../Engine/Plugins/Media/ImgMedia/Binaries/Win64/UE4Editor-ImgMedia.dll (API version 3944462).
LogModuleManager: Display: Found up-to-date module file ../../../Engine/Plugins/Media/ImgMedia/Binaries/Win64/UE4Editor-ImgMediaEditor.dll (API version 3944462).
LogModuleManager: Display: Found up-to-date module file ../../../Engine/Plugins/Media/ImgMedia/Binaries/Win64/UE4Editor-ImgMediaFactory.dll (API version 3944462).
LogModuleManager: Display: Found up-to-date module file ../../../Engine/Plugins/Media/ImgMedia/Binaries/Win64/UE4Editor-ImgMediaFactory.dll (API version 3944462).
LogModuleManager: Display: Found up-to-date module file ../../../Engine/Plugins/Media/ImgMedia/Binaries/Win64/UE4Editor-OpenExrWrapper.dll (API version 3944462).
LogModuleManager: Display: Found up-to-date module file ../../../Engine/Plugins/Media/LinearTimecode/Binaries/Win64/UE4Editor-LinearTimecode.dll (API version 3944462).
LogModuleManager: Display: Found up-to-date module file ../../../Engine/Plugins/Media/MediaCompositing/Binaries/Win64/UE4Editor-MediaCompositing.dll (API version 3944462).
LogModuleManager: Display: Found up-to-date module file ../../../Engine/Plugins/Media/MediaCompositing/Binaries/Win64/UE4Editor-MediaCompositingEditor.dll (API version 3944462).
LogModuleManager: Display: Found up-to-date module file ../../../Engine/Plugins/Media/MediaPlayerEditor/Binaries/Win64/UE4Editor-MediaPlayerEditor.dll (API version 3944462).
LogModuleManager: Display: Found up-to-date module file ../../../Engine/Plugins/Media/WmfMedia/Binaries/Win64/UE4Editor-WmfMedia.dll (API version 3944462).
LogModuleManager: Display: Found up-to-date module file ../../../Engine/Plugins/Media/WmfMedia/Binaries/Win64/UE4Editor-WmfMediaEditor.dll (API version 3944462).
LogModuleManager: Display: Found up-to-date module file ../../../Engine/Plugins/Media/WmfMedia/Binaries/Win64/UE4Editor-WmfMediaFactory.dll (API version 3944462).
LogModuleManager: Display: Found up-to-date module file ../../../Engine/Plugins/Media/WmfMedia/Binaries/Win64/UE4Editor-WmfMediaFactory.dll (API version 3944462).
LogModuleManager: Display: Found up-to-date module file ../../../Engine/Plugins/Messaging/TcpMessaging/Binaries/Win64/UE4Editor-TcpMessaging.dll (API version 3944462).
LogModuleManager: Display: Found up-to-date module file ../../../Engine/Plugins/Messaging/UdpMessaging/Binaries/Win64/UE4Editor-UdpMessaging.dll (API version 3944462).
LogModuleManager: Display: Found up-to-date module file ../../../Engine/Plugins/MovieScene/ActorSequence/Binaries/Win64/UE4Editor-ActorSequence.dll (API version 3944462).
LogModuleManager: Display: Found up-to-date module file ../../../Engine/Plugins/MovieScene/LevelSequenceEditor/Binaries/Win64/UE4Editor-LevelSequenceEditor.dll (API version 3944462).
LogModuleManager: Display: Found up-to-date module file ../../../Engine/Plugins/MovieScene/MatineeToLevelSequence/Binaries/Win64/UE4Editor-MatineeToLevelSequence.dll (API version 3944462).
LogModuleManager: Display: Found up-to-date module file ../../../Engine/Plugins/NetcodeUnitTest/NetcodeUnitTest/Binaries/Win64/UE4Editor-NetcodeUnitTest.dll (API version 3944462).
LogModuleManager: Display: Found up-to-date module file ../../../Engine/Plugins/NetcodeUnitTest/NUTUnrealEngine4/Binaries/Win64/UE4Editor-NUTUnrealEngine4.dll (API version 3944462).
LogModuleManager: Display: Found up-to-date module file ../../../Engine/Plugins/Online/OnlineSubsystem/Binaries/Win64/UE4Editor-OnlineSubsystem.dll (API version 3944462).
LogModuleManager: Display: Found up-to-date module file ../../../Engine/Plugins/Online/OnlineSubsystemNull/Binaries/Win64/UE4Editor-OnlineSubsystemNull.dll (API version 3944462).
LogModuleManager: Display: Found up-to-date module file ../../../Engine/Plugins/Online/OnlineSubsystemUtils/Binaries/Win64/UE4Editor-OnlineSubsystemUtils.dll (API version 3944462).
LogModuleManager: Display: Found up-to-date module file ../../../Engine/Plugins/Online/OnlineSubsystemUtils/Binaries/Win64/UE4Editor-OnlineBlueprintSupport.dll (API version 3944462).
LogModuleManager: Display: Found up-to-date module file ../../../Engine/Plugins/Runtime/AndroidDeviceProfileSelector/Binaries/Win64/UE4Editor-AndroidDeviceProfileSelector.dll (API version 3944462).
LogModuleManager: Display: Found up-to-date module file ../../../Engine/Plugins/Runtime/AndroidPermission/Binaries/Win64/UE4Editor-AndroidPermission.dll (API version 3944462).
LogModuleManager: Display: Found up-to-date module file ../../../Engine/Plugins/Runtime/AppleARKit/Binaries/Win64/UE4Editor-AppleARKit.dll (API version 3944462).
LogModuleManager: Display: Found up-to-date module file ../../../Engine/Plugins/Runtime/ArchVisCharacter/Binaries/Win64/UE4Editor-ArchVisCharacter.dll (API version 3944462).
LogModuleManager: Display: Found up-to-date module file ../../../Engine/Plugins/Runtime/AudioCapture/Binaries/Win64/UE4Editor-AudioCapture.dll (API version 3944462).
LogModuleManager: Display: Found up-to-date module file ../../../Engine/Plugins/Runtime/AudioCapture/Binaries/Win64/UE4Editor-AudioCaptureEditor.dll (API version 3944462).
LogModuleManager: Display: Found up-to-date module file ../../../Engine/Plugins/Runtime/CableComponent/Binaries/Win64/UE4Editor-CableComponent.dll (API version 3944462).
LogModuleManager: Display: Found up-to-date module file ../../../Engine/Plugins/Runtime/CustomMeshComponent/Binaries/Win64/UE4Editor-CustomMeshComponent.dll (API version 3944462).
LogModuleManager: Display: Found up-to-date module file ../../../Engine/Plugins/Runtime/ExampleDeviceProfileSelector/Binaries/Win64/UE4Editor-ExampleDeviceProfileSelector.dll (API version 3944462).
LogModuleManager: Display: Found up-to-date module file ../../../Engine/Plugins/Runtime/ImmediatePhysics/Binaries/Win64/UE4Editor-ImmediatePhysics.dll (API version 3944462).
LogModuleManager: Display: Found up-to-date module file ../../../Engine/Plugins/Runtime/ImmediatePhysics/Binaries/Win64/UE4Editor-ImmediatePhysicsEditor.dll (API version 3944462).
LogModuleManager: Display: Found up-to-date module file ../../../Engine/Plugins/Runtime/LocationServicesBPLibrary/Binaries/Win64/UE4Editor-LocationServicesBPLibrary.dll (API version 3944462).
LogModuleManager: Display: Found up-to-date module file ../../../Engine/Plugins/Runtime/MobilePatchingUtils/Binaries/Win64/UE4Editor-MobilePatchingUtils.dll (API version 3944462).
LogModuleManager: Display: Found up-to-date module file ../../../Engine/Plugins/Runtime/Oculus/OculusVR/Binaries/Win64/UE4Editor-OculusHMD.dll (API version 3944462).
LogModuleManager: Display: Found up-to-date module file ../../../Engine/Plugins/Runtime/Oculus/OculusVR/Binaries/Win64/UE4Editor-OculusInput.dll (API version 3944462).
LogModuleManager: Display: Found up-to-date module file ../../../Engine/Plugins/Runtime/Oculus/OculusVR/Binaries/Win64/UE4Editor-OculusEditor.dll (API version 3944462).
LogModuleManager: Display: Found up-to-date module file ../../../Engine/Plugins/Runtime/PhysXVehicles/Binaries/Win64/UE4Editor-PhysXVehicles.dll (API version 3944462).
LogModuleManager: Display: Found up-to-date module file ../../../Engine/Plugins/Runtime/PhysXVehicles/Binaries/Win64/UE4Editor-PhysXVehiclesEditor.dll (API version 3944462).
LogModuleManager: Display: Found up-to-date module file ../../../Engine/Plugins/Runtime/ProceduralMeshComponent/Binaries/Win64/UE4Editor-ProceduralMeshComponent.dll (API version 3944462).
LogModuleManager: Display: Found up-to-date module file ../../../Engine/Plugins/Runtime/ProceduralMeshComponent/Binaries/Win64/UE4Editor-ProceduralMeshComponentEditor.dll (API version 3944462).
LogModuleManager: Display: Found up-to-date module file ../../../Engine/Plugins/Runtime/RuntimePhysXCooking/Binaries/Win64/UE4Editor-RuntimePhysXCooking.dll (API version 3944462).
LogModuleManager: Display: Found up-to-date module file ../../../Engine/Plugins/Runtime/Steam/SteamVR/Binaries/Win64/UE4Editor-SteamVR.dll (API version 3944462).
LogModuleManager: Display: Found up-to-date module file ../../../Engine/Plugins/Runtime/Steam/SteamVR/Binaries/Win64/UE4Editor-SteamVRController.dll (API version 3944462).
LogModuleManager: Display: Found up-to-date module file ../../../Engine/Plugins/Runtime/WindowsMoviePlayer/Binaries/Win64/UE4Editor-WindowsMoviePlayer.dll (API version 3944462).
LogInit: Using libcurl 7.47.1
LogInit:  - built for x86_64-pc-win32
LogInit:  - supports SSL with OpenSSL/1.0.2g
LogInit:  - supports HTTP deflate (compression) using libz 1.2.8
LogInit:  - other features:
LogInit:      CURL_VERSION_SSL
LogInit:      CURL_VERSION_LIBZ
LogInit:      CURL_VERSION_IPV6
LogInit:      CURL_VERSION_ASYNCHDNS
LogInit:      CURL_VERSION_LARGEFILE
LogInit:      CURL_VERSION_IDN
LogInit:  CurlRequestOptions (configurable via config and command line):
LogInit:  - bVerifyPeer = false  - Libcurl will NOT verify peer certificate
LogInit:  - bUseHttpProxy = false  - Libcurl will NOT use HTTP proxy
LogInit:  - bDontReuseConnections = false  - Libcurl will reuse connections
LogInit:  - CertBundlePath = nullptr  - Libcurl will use whatever was configured at build time.
LogInit:  - MaxHostConnections = 16  - Libcurl will limit the number of connections to a host
LogInit:  - LocalHostAddr = Default
LogInit: WinSock: version 1.1 (2.2), MaxSocks=32767, MaxUdp=65467
LogInit: WinSock: I am DESKTOP-H55B8C1 (192.168.0.12:0)
LogInit: Build: ++UE4+Release-4.19-CL-4033788
LogInit: Engine Version: 4.19.2-4033788+++UE4+Release-4.19
LogInit: Compatible Engine Version: 4.19.0-3944462+++UE4+Release-4.19
LogInit: Net CL: 3944462
LogDevObjectVersion: Number of dev versions registered: 18
LogDevObjectVersion:   Dev-Blueprints (B0D832E4-1F89-4F0D-ACCF-7EB736FD4AA2): 10
LogDevObjectVersion:   Dev-Build (E1C64328-A22C-4D53-A36C-8E866417BD8C): 0
LogDevObjectVersion:   Dev-Core (375EC13C-06E4-48FB-B500-84F0262A717E): 2
LogDevObjectVersion:   Dev-Editor (E4B068ED-F494-42E9-A231-DA0B2E46BB41): 23
LogDevObjectVersion:   Dev-Framework (CFFC743F-43B0-4480-9391-14DF171D2073): 33
LogDevObjectVersion:   Dev-Mobile (B02B49B5-BB20-44E9-A304-32B752E40360): 2
LogDevObjectVersion:   Dev-Networking (A4E4105C-59A1-49B5-A7C5-40C4547EDFEE): 0
LogDevObjectVersion:   Dev-Online (39C831C9-5AE6-47DC-9A44-9C173E1C8E7C): 0
LogDevObjectVersion:   Dev-Physics (78F01B33-EBEA-4F98-B9B4-84EACCB95AA2): 0
LogDevObjectVersion:   Dev-Platform (6631380F-2D4D-43E0-8009-CF276956A95A): 0
LogDevObjectVersion:   Dev-Rendering (12F88B9F-8875-4AFC-A67C-D90C383ABD29): 25
LogDevObjectVersion:   Dev-Sequencer (7B5AE74C-D270-4C10-A958-57980B212A5A): 6
LogDevObjectVersion:   Dev-VR (D7296918-1DD6-4BDD-9DE2-64A83CC13884): 1
LogDevObjectVersion:   Dev-LoadTimes (C2A15278-BFE7-4AFE-6C17-90FF531DF755): 1
LogDevObjectVersion:   Private-Geometry (6EACA3D4-40EC-4CC1-B786-8BED09428FC5): 2
LogDevObjectVersion:   Dev-AnimPhys (29E575DD-E0A3-4627-9D10-D276232CDCEA): 16
LogDevObjectVersion:   Dev-ReflectionCapture (6B266CEC-1EC7-4B8F-A30B-E4D90942FC07): 1
LogDevObjectVersion:   Dev-Automation (0DF73D61-A23F-47EA-B727-89E90C41499A): 1
LogInit: Compiled (64-bit): Apr 27 2018 02:06:57
LogInit: Compiled with Visual C++: 19.00.24215.01
LogInit: Build Configuration: Development
LogInit: Branch Name: ++UE4+Release-4.19
LogInit: Command Line: -EpicPortal 
LogInit: Base Directory: C:/Program Files/Epic Games/UE_4.19/Engine/Binaries/Win64/
LogInit: Installed Engine Build: 1
LogStreaming: Display: Took  0.000s to delete old logs.
LogInit: Presizing for max 8388607 objects, including 0 objects not considered by GC, pre-allocating 0 bytes for permanent pool.
LogInit: Object subsystem initialized
[2018.09.23-17.03.15:107][  0]LogInit: Selected Device Profile: [Windows]
[2018.09.23-17.03.15:107][  0]LogInit: Applying CVar settings loaded from the selected device profile: [Windows]
[2018.09.23-17.03.15:116][  0]LogInit: Computer: DESKTOP-H55B8C1
[2018.09.23-17.03.15:116][  0]LogInit: User: Maurice
[2018.09.23-17.03.15:116][  0]LogInit: CPU Page size=4096, Cores=4
[2018.09.23-17.03.15:116][  0]LogInit: High frequency timer resolution =4.101570 MHz
[2018.09.23-17.03.15:117][  0]LogMemory: Memory total: Physical=15.9GB (16GB approx)
[2018.09.23-17.03.15:117][  0]LogMemory: Platform Memory Stats for Windows
[2018.09.23-17.03.15:117][  0]LogMemory: Process Physical Memory: 274.55 MB used, 274.55 MB peak
[2018.09.23-17.03.15:117][  0]LogMemory: Process Virtual Memory: 264.88 MB used, 264.88 MB peak
[2018.09.23-17.03.15:117][  0]LogMemory: Physical Memory: 4583.04 MB used,  11688.08 MB free, 16271.12 MB total
[2018.09.23-17.03.15:117][  0]LogMemory: Virtual Memory: 4781.09 MB used,  11688.08 MB free, 134217728.00 MB total
[2018.09.23-17.03.15:130][  0]LogInit: Using OS detected language (en-US).
[2018.09.23-17.03.15:130][  0]LogInit: Using OS detected locale (en-US).
[2018.09.23-17.03.15:132][  0]LogTextLocalizationManager: No specific localization for 'en-US' exists, so the 'en' localization will be used.
[2018.09.23-17.03.15:471][  0]LogStreaming: Display: Took  0.341s to EndInitTextLocalization.
[2018.09.23-17.03.15:471][  0]LogInit: Setting process to per monitor DPI aware
[2018.09.23-17.03.15:493][  0]LogSlate: New Slate User Created.  User Index 0, Is Virtual User: 0
[2018.09.23-17.03.15:493][  0]LogSlate: Slate User Registered.  User Index 0, Is Virtual User: 0
[2018.09.23-17.03.15:626][  0]LogD3D11RHI: D3D11 adapters:
[2018.09.23-17.03.15:643][  0]LogD3D11RHI:    0. 'Intel(R) HD Graphics 630' (Feature Level 11_0)
[2018.09.23-17.03.15:643][  0]LogD3D11RHI:       128/0/8135 MB DedicatedVideo/DedicatedSystem/SharedSystem, Outputs:1, VendorId:0x8086
[2018.09.23-17.03.15:644][  0]LogD3D11RHI:    1. 'Microsoft Basic Render Driver' (Feature Level 11_0)
[2018.09.23-17.03.15:644][  0]LogD3D11RHI:       0/0/8135 MB DedicatedVideo/DedicatedSystem/SharedSystem, Outputs:0, VendorId:0x1414
[2018.09.23-17.03.15:644][  0]LogD3D11RHI: Chosen D3D11 Adapter: 0
[2018.09.23-17.03.15:648][  0]LogD3D11RHI: Creating new Direct3DDevice
[2018.09.23-17.03.15:648][  0]LogD3D11RHI:     GPU DeviceId: 0x5912 (for the marketing name, search the web for "GPU Device Id")
[2018.09.23-17.03.15:648][  0]LogWindows: EnumDisplayDevices:
[2018.09.23-17.03.15:648][  0]LogWindows:    0. 'Intel(R) HD Graphics 630' (P:1 D:1)
[2018.09.23-17.03.15:649][  0]LogWindows:    1. 'Intel(R) HD Graphics 630' (P:0 D:0)
[2018.09.23-17.03.15:649][  0]LogWindows:    2. 'Intel(R) HD Graphics 630' (P:0 D:0)
[2018.09.23-17.03.15:649][  0]LogWindows: DebugString: GetVideoDriverDetailsInvalid PrimaryIsNotTheChoosenAdapter GetVideoDriverDetailsInvalid PrimaryIsNotTheChoosenAdapter GetVideoDriverDetailsInvalid PrimaryIsNotTheChoosenAdapter FoundDriverCount:0 
[2018.09.23-17.03.15:649][  0]LogD3D11RHI:     Adapter Name: Intel(R) HD Graphics 630
[2018.09.23-17.03.15:649][  0]LogD3D11RHI:   Driver Version: Unknown (internal:Unknown, unified:Unknown)
[2018.09.23-17.03.15:649][  0]LogD3D11RHI:      Driver Date: Unknown
[2018.09.23-17.03.15:649][  0]LogRHI: Texture pool is 1523 MB (70% of 2176 MB)
[2018.09.23-17.03.15:662][  0]LogD3D11RHI: Async texture creation enabled
[2018.09.23-17.03.15:666][  0]LogD3D11RHI: GPU Timing Frequency: 12.000048 (Debug: 2 0)
[2018.09.23-17.03.15:667][  0]LogShaderCompilers: Guid format shader working directory is -29 characters bigger than the processId version (../../../../../../Users/Maurice/source/repos/03_BuildingEscape/BuildingEscape/Intermediate/Shaders/WorkingDirectory/9104/).
[2018.09.23-17.03.15:667][  0]LogShaderCompilers: Cleaned the shader compiler working directory 'C:/Users/Maurice/AppData/Local/Temp/UnrealShaderWorkingDir/47E588F646CF556AADF5BA8B90BE0397/'.
[2018.09.23-17.03.15:827][  0]LogTemp: Display: Loaded TP AllDesktopTargetPlatform
[2018.09.23-17.03.15:837][  0]LogTemp: Display: Loaded TP MacClientTargetPlatform
[2018.09.23-17.03.15:847][  0]LogTemp: Display: Loaded TP MacNoEditorTargetPlatform
[2018.09.23-17.03.15:858][  0]LogTemp: Display: Loaded TP MacServerTargetPlatform
[2018.09.23-17.03.15:868][  0]LogTemp: Display: Loaded TP MacTargetPlatform
[2018.09.23-17.03.15:878][  0]LogTemp: Display: Loaded TP WindowsClientTargetPlatform
[2018.09.23-17.03.15:889][  0]LogTemp: Display: Loaded TP WindowsNoEditorTargetPlatform
[2018.09.23-17.03.15:899][  0]LogTemp: Display: Loaded TP WindowsServerTargetPlatform
[2018.09.23-17.03.15:904][  0]LogTemp: Display: Loaded TP WindowsTargetPlatform
[2018.09.23-17.03.15:913][  0]LogTemp: Display: Loaded TP Android_ASTCTargetPlatform
[2018.09.23-17.03.15:922][  0]LogTemp: Display: Loaded TP Android_ATCTargetPlatform
[2018.09.23-17.03.15:930][  0]LogTemp: Display: Loaded TP Android_DXTTargetPlatform
[2018.09.23-17.03.15:939][  0]LogTemp: Display: Loaded TP Android_ETC1aTargetPlatform
[2018.09.23-17.03.15:948][  0]LogTemp: Display: Loaded TP Android_ETC1TargetPlatform
[2018.09.23-17.03.15:957][  0]LogTemp: Display: Loaded TP Android_ETC2TargetPlatform
[2018.09.23-17.03.15:975][  0]LogTemp: Display: Loaded TP Android_MultiTargetPlatform
[2018.09.23-17.03.15:975][  0]LogTemp: Display: Loaded TP Android_PVRTCTargetPlatform
[2018.09.23-17.03.15:984][  0]LogTemp: Display: Loaded TP AndroidTargetPlatform
[2018.09.23-17.03.15:985][  0]LogTemp: Display: Loaded TP HTML5TargetPlatform
[2018.09.23-17.03.16:019][  0]LogTemp: Display: Loaded TP IOSTargetPlatform
[2018.09.23-17.03.16:028][  0]LogTemp: Display: Loaded TP TVOSTargetPlatform
[2018.09.23-17.03.16:036][  0]LogTemp: Display: Loaded TP LinuxClientTargetPlatform
[2018.09.23-17.03.16:045][  0]LogTemp: Display: Loaded TP LinuxNoEditorTargetPlatform
[2018.09.23-17.03.16:054][  0]LogTemp: Display: Loaded TP LinuxServerTargetPlatform
[2018.09.23-17.03.16:064][  0]LogTemp: Display: Loaded TP LinuxTargetPlatform
[2018.09.23-17.03.16:064][  0]LogTargetPlatformManager: Display: Building Assets For Windows
[2018.09.23-17.03.16:150][  0]LogXGEController: Cannot use XGE Controller as Incredibuild is not installed on this machine.
[2018.09.23-17.03.16:150][  0]LogShaderCompilers: Cannot use XGE Shader Compiler as Incredibuild is not installed on this machine.
[2018.09.23-17.03.16:150][  0]LogShaderCompilers: Display: Using Local Shader Compiler.
[2018.09.23-17.03.16:642][  0]LogDerivedDataCache: Display: Max Cache Size: 512 MB
[2018.09.23-17.03.16:692][  0]LogDerivedDataCache: Loaded boot cache 0.05s 74MB C:/Users/Maurice/AppData/Local/UnrealEngine/4.19/DerivedDataCache/Boot.ddc.
[2018.09.23-17.03.16:692][  0]LogDerivedDataCache: Display: Loaded Boot cache: C:/Users/Maurice/AppData/Local/UnrealEngine/4.19/DerivedDataCache/Boot.ddc
[2018.09.23-17.03.16:692][  0]LogDerivedDataCache: FDerivedDataBackendGraph:  Pak pak cache file ../../../../../../Users/Maurice/source/repos/03_BuildingEscape/BuildingEscape/DerivedDataCache/DDC.ddp not found, will not use a pak cache.
[2018.09.23-17.03.16:692][  0]LogDerivedDataCache: Unable to find inner node Pak for hierarchical cache Hierarchy.
[2018.09.23-17.03.16:692][  0]LogDerivedDataCache: FDerivedDataBackendGraph:  CompressedPak pak cache file ../../../../../../Users/Maurice/source/repos/03_BuildingEscape/BuildingEscape/DerivedDataCache/Compressed.ddp not found, will not use a pak cache.
[2018.09.23-17.03.16:692][  0]LogDerivedDataCache: Unable to find inner node CompressedPak for hierarchical cache Hierarchy.
[2018.09.23-17.03.16:704][  0]LogDerivedDataCache: Display: Pak cache opened for reading ../../../Engine/DerivedDataCache/Compressed.ddp.
[2018.09.23-17.03.16:716][  0]LogDerivedDataCache: Using Local data cache path C:/Users/Maurice/AppData/Local/UnrealEngine/Common/DerivedDataCache: Writable
[2018.09.23-17.03.16:716][  0]LogDerivedDataCache: Shared data cache path not found in *engine.ini, will not use an Shared cache.
[2018.09.23-17.03.16:716][  0]LogDerivedDataCache: Unable to find inner node Shared for hierarchical cache Hierarchy.
[2018.09.23-17.03.16:724][  0]LogMaterial: Verifying Global Shaders for PCD3D_SM5
[2018.09.23-17.03.16:724][  0]LogSlate: Using Freetype 2.6.0
[2018.09.23-17.03.16:725][  0]LogSlate: SlateFontCache - WITH_FREETYPE: 1, WITH_HARFBUZZ: 1
[2018.09.23-17.03.16:725][  0]LogSlate: SlateFontCache - WITH_FREETYPE: 1, WITH_HARFBUZZ: 1
[2018.09.23-17.03.16:828][  0]LogAssetRegistry: FAssetRegistry took 0.0249 seconds to start up
[2018.09.23-17.03.17:052][  0]LogInit: Selected Device Profile: [Windows]
[2018.09.23-17.03.17:160][  0]LogSimplygon: Simplygon DLL not present - disabling.
[2018.09.23-17.03.17:162][  0]LogMeshReduction: Using SimplygonSwarm for distributed automatic mesh merging
[2018.09.23-17.03.17:162][  0]LogMeshReduction: Using QuadricMeshReduction for automatic static mesh reduction
[2018.09.23-17.03.17:162][  0]LogMeshReduction: No automatic skeletal mesh reduction module available
[2018.09.23-17.03.17:162][  0]LogMeshReduction: No automatic mesh merging module available
[2018.09.23-17.03.17:162][  0]LogMeshMerging: No automatic mesh merging module available
[2018.09.23-17.03.17:186][  0]LogNetVersion: BuildingEscape , NetCL: 3944462, EngineNetVer: 2, GameNetVer: 0 (Checksum: 4285820645)
[2018.09.23-17.03.17:543][  0]LogPackageLocalizationCache: Processed 9 localized package path(s) for 2 prioritized culture(s) in 0.084309 seconds
[2018.09.23-17.03.17:547][  0]LogUObjectArray: 36728 objects as part of root set at end of initial load.
[2018.09.23-17.03.17:547][  0]LogUObjectAllocator: 7314304 out of 0 bytes used by permanent object pool.
[2018.09.23-17.03.17:547][  0]LogUObjectArray: CloseDisregardForGC: 0/0 objects in disregard for GC pool
[2018.09.23-17.03.18:774][  0]LogTcpMessaging: Initializing TcpMessaging bridge
[2018.09.23-17.03.18:800][  0]LogUdpMessaging: Initializing bridge on interface 0.0.0.0:0 to multicast group 230.0.0.1:6666.
[2018.09.23-17.03.19:115][  0]SourceControl: Source control is disabled
[2018.09.23-17.03.19:116][  0]SourceControl: Source control is disabled
[2018.09.23-17.03.19:130][  0]SourceControl: Source control is disabled
[2018.09.23-17.03.19:144][  0]SourceControl: Source control is disabled
[2018.09.23-17.03.19:570][  0]LogAndroidPermission: UAndroidPermissionCallbackProxy::GetInstance
[2018.09.23-17.03.19:707][  0]LogOcInput: OculusInput pre-init called
[2018.09.23-17.03.19:792][  0]LogEngine: Initializing Engine...
[2018.09.23-17.03.19:793][  0]LogHMD: Failed to initialize OpenVR with code 110
[2018.09.23-17.03.19:794][  0]LogStats: UGameplayTagsManager::ConstructGameplayTagTree: Construct from data asset -  0.000 s
[2018.09.23-17.03.19:794][  0]LogStats: UGameplayTagsManager::ConstructGameplayTagTree: GameplayTagTreeChangedEvent.Broadcast -  0.000 s
[2018.09.23-17.03.19:961][  0]LogAIModule: Creating AISystem for world Untitled
[2018.09.23-17.03.19:974][  0]LogInit: XAudio2 using 'Speakers (High Definition Audio Device)' : 2 channels at 48 kHz using 16 bits per sample (channel mask 0x3)
[2018.09.23-17.03.19:995][  0]LogInit: FAudioDevice initialized.
[2018.09.23-17.03.20:033][  0]LogDerivedDataCache: Saved boot cache 0.04s 74MB C:/Users/Maurice/AppData/Local/UnrealEngine/4.19/DerivedDataCache/Boot.ddc.
[2018.09.23-17.03.20:044][  0]LogInit: Texture streaming: Enabled
[2018.09.23-17.03.20:057][  0]LogEngineSessionManager: EngineSessionManager initialized
[2018.09.23-17.03.20:067][  0]LogInit: Transaction tracking system initialized
[2018.09.23-17.03.20:086][  0]BlueprintLog: New page: Editor Load
[2018.09.23-17.03.20:146][  0]LocalizationService: Localization service is disabled
[2018.09.23-17.03.20:226][  0]LogConsoleResponse: Display: 
[2018.09.23-17.03.20:349][  0]LogCook: Display: Max memory allowance for cook 16384mb min free memory 0mb
[2018.09.23-17.03.20:349][  0]LogCook: Display: Mobile HDR setting 1
[2018.09.23-17.03.20:349][  0]LogGameplayTags: Display: UGameplayTagsManager::DoneAddingNativeTags. DelegateIsBound: 0
[2018.09.23-17.03.20:349][  0]LogStats: UGameplayTagsManager::ConstructGameplayTagTree: Construct from data asset -  0.000 s
[2018.09.23-17.03.20:349][  0]LogStats: UGameplayTagsManager::ConstructGameplayTagTree: GameplayTagTreeChangedEvent.Broadcast -  0.000 s
[2018.09.23-17.03.20:637][  0]LogFileCache: Scanning file cache for directory 'C:/Users/Maurice/source/repos/03_BuildingEscape/BuildingEscape/Content/' took 0.01s
[2018.09.23-17.03.20:637][  0]SourceControl: Source control is disabled
[2018.09.23-17.03.20:637][  0]Cmd: MAP LOAD FILE="../../../../../../Users/Maurice/source/repos/03_BuildingEscape/BuildingEscape/Content/StarterContent/Maps/Minimal_Default.umap" TEMPLATE=0 SHOWPROGRESS=1 FEATURELEVEL=3
[2018.09.23-17.03.20:640][  0]LightingResults: New page: Lighting Build
[2018.09.23-17.03.20:642][  0]MapCheck: New page: Map Check
[2018.09.23-17.03.20:642][  0]LightingResults: New page: Lighting Build
[2018.09.23-17.03.20:937][  0]LogAIModule: Creating AISystem for world Minimal_Default
[2018.09.23-17.03.20:942][  0]LogEditorServer: Finished looking for orphan Actors (0.000 secs)
[2018.09.23-17.03.20:952][  0]Cmd: MAP CHECKDEP NOCLEARLOG
[2018.09.23-17.03.21:001][  0]MapCheck: Map check complete: 0 Error(s), 0 Warning(s), took 49.18ms to complete.
[2018.09.23-17.03.21:001][  0]LogFileHelpers: Loading map 'Minimal_Default' took 0.364
[2018.09.23-17.03.21:119][  0]LogCollectionManager: Loaded 0 collections in 0.001435 seconds
[2018.09.23-17.03.21:170][  0]LogFileCache: Scanning file cache for directory 'C:/Users/Maurice/source/repos/03_BuildingEscape/BuildingEscape/Saved/Collections/' took 0.01s
[2018.09.23-17.03.21:170][  0]LogFileCache: Scanning file cache for directory 'C:/Users/Maurice/source/repos/03_BuildingEscape/BuildingEscape/Content/Developers/Maurice/Collections/' took 0.01s
[2018.09.23-17.03.21:170][  0]LogFileCache: Scanning file cache for directory 'C:/Users/Maurice/source/repos/03_BuildingEscape/BuildingEscape/Content/Collections/' took 0.01s
[2018.09.23-17.03.21:170][  0]LogCollectionManager: Rebuilt the GUID cache for 0 collections in 0.000001 seconds
[2018.09.23-17.03.21:178][  0]LogContentBrowser: Native class hierarchy populated in 0.0073 seconds. Added 2453 classes and 560 folders.
[2018.09.23-17.03.21:187][  0]LogContentBrowser: Native class hierarchy updated for 'WidgetCarousel' in 0.0005 seconds. Added 0 classes and 0 folders.
[2018.09.23-17.03.21:260][  0]LogContentBrowser: Native class hierarchy updated for 'AddContentDialog' in 0.0005 seconds. Added 0 classes and 0 folders.
[2018.09.23-17.03.21:270][  0]LogContentBrowser: Native class hierarchy updated for 'SceneOutliner' in 0.0006 seconds. Added 1 classes and 2 folders.
[2018.09.23-17.03.21:303][  0]LogSlate: Took 0.000170 seconds to synchronously load lazily loaded font '../../../Engine/Content/Slate/Fonts/Roboto-Regular.ttf' (155K)
[2018.09.23-17.03.21:305][  0]LogSlate: Took 0.000216 seconds to synchronously load lazily loaded font '../../../Engine/Content/Slate/Fonts/Roboto-Bold.ttf' (160K)
[2018.09.23-17.03.21:311][  0]LogSlate: Took 0.000819 seconds to synchronously load lazily loaded font '../../../Engine/Content/Editor/Slate/Fonts/FontAwesome.ttf' (139K)
[2018.09.23-17.03.21:395][  0]LogRenderer: Reallocating scene render targets to support 1208x576 Format 10 NumSamples 1 (Frame:1).
[2018.09.23-17.03.21:491][  0]LogSlate: FSceneViewport::OnFocusLost() reason 2
[2018.09.23-17.03.21:507][  0]LogSlate: Window 'Tutorials' being destroyed
[2018.09.23-17.03.21:536][  0]LogContentBrowser: Native class hierarchy updated for 'HierarchicalLODOutliner' in 0.0005 seconds. Added 0 classes and 0 folders.
[2018.09.23-17.03.21:536][  0]LogLoad: (Engine Initialization) Total time: 8.87 seconds
[2018.09.23-17.03.21:536][  0]LogLoad: (Engine Initialization) Total Blueprint compile time: 0.00 seconds
[2018.09.23-17.03.21:546][  0]LogWindowsTextInputMethodSystem: Display: IME system now deactivated.
[2018.09.23-17.03.21:560][  0]LogAssetRegistry: Asset discovery search completed in 4.7552 seconds
[2018.09.23-17.03.21:562][  0]LogCollectionManager: Rebuilt the object cache for 0 collections in 0.000000 seconds (found 0 objects)
[2018.09.23-17.03.21:562][  0]LogCollectionManager: Fixed up redirectors for 0 collections in 0.000057 seconds (updated 0 objects)
[2018.09.23-17.03.21:565][  0]LogContentStreaming: Texture pool size now 1000 MB
[2018.09.23-17.03.21:592][  0]LogSlate: Took 0.001136 seconds to synchronously load lazily loaded font '../../../Engine/Content/Slate/Fonts/Roboto-Light.ttf' (167K)
[2018.09.23-17.03.24:406][ 80]LogSlate: FSceneViewport::OnFocusLost() reason 2
[2018.09.23-17.03.25:595][219]LogSlate: FSceneViewport::OnFocusLost() reason 2
[2018.09.23-17.03.26:984][219]LogSlate: Window 'New Level' being destroyed
[2018.09.23-17.03.26:994][219]Cmd: MAP LOAD FILE="../../../Engine/Content/Maps/Templates/Template_Default.umap" TEMPLATE=1 SHOWPROGRESS=1 FEATURELEVEL=3
[2018.09.23-17.03.26:998][219]LogSlate: Took 0.000158 seconds to synchronously load lazily loaded font '../../../Engine/Content/Slate/Fonts/Roboto-Light.ttf' (167K)
[2018.09.23-17.03.26:999][219]LogSlate: FSceneViewport::OnFocusLost() reason 2
[2018.09.23-17.03.27:004][219]LightingResults: New page: Lighting Build
[2018.09.23-17.03.27:004][219]LoadErrors: New page: Loading map: Template_Default.umap
[2018.09.23-17.03.27:005][219]MapCheck: New page: Map Check
[2018.09.23-17.03.27:006][219]LightingResults: New page: Lighting Build
[2018.09.23-17.03.27:034][219]LogAIModule: Creating AISystem for world Untitled_1
[2018.09.23-17.03.27:041][219]LogEditorServer: Finished looking for orphan Actors (0.000 secs)
[2018.09.23-17.03.27:054][219]Cmd: MAP CHECKDEP NOCLEARLOG
[2018.09.23-17.03.27:106][219]MapCheck: Map check complete: 0 Error(s), 0 Warning(s), took 51.876ms to complete.
[2018.09.23-17.03.27:106][219]LogFileHelpers: Loading map 'Template_Default' took 0.112
[2018.09.23-17.04.02:042][522]LogSlate: FSceneViewport::OnFocusLost() reason 2
[2018.09.23-17.04.06:888][101]LogSlate: FSceneViewport::OnFocusLost() reason 2
[2018.09.23-17.04.31:053][101]LogSlate: Window 'Save Level As' being destroyed
[2018.09.23-17.04.31:115][101]LogSlate: FSceneViewport::OnFocusLost() reason 2
[2018.09.23-17.04.31:121][101]Cmd: OBJ SAVEPACKAGE PACKAGE="/Game/NewMap" FILE="../../../../../../Users/Maurice/source/repos/03_BuildingEscape/BuildingEscape/Content/NewMap.umap" SILENT=true AUTOSAVING=false KEEPDIRTY=false
[2018.09.23-17.04.31:147][101]LogSavePackage: Save=16.44ms
[2018.09.23-17.04.31:147][101]LogSavePackage: Moving '../../../../../../Users/Maurice/source/repos/03_BuildingEscape/BuildingEscape/Saved/NewMap123923D64DA64EEE22FA07B7C4069E74.tmp' to '../../../../../../Users/Maurice/source/repos/03_BuildingEscape/BuildingEscape/Content/NewMap.umap'
[2018.09.23-17.04.31:149][101]LogSavePackage: Display: Finished SavePackage ../../../../../../Users/Maurice/source/repos/03_BuildingEscape/BuildingEscape/Content/NewMap.umap
[2018.09.23-17.04.31:162][101]Cmd: OBJ SAVEPACKAGE PACKAGE="/Game/NewMap_BuiltData" FILE="../../../../../../Users/Maurice/source/repos/03_BuildingEscape/BuildingEscape/Content/NewMap_BuiltData.uasset" SILENT=true
[2018.09.23-17.04.31:172][101]LogSavePackage: Save=8.19ms
[2018.09.23-17.04.31:172][101]LogSavePackage: Moving '../../../../../../Users/Maurice/source/repos/03_BuildingEscape/BuildingEscape/Saved/NewMap_BuiltDataF6C55C3C46E4E665CC5B5F8A4A9AF967.tmp' to '../../../../../../Users/Maurice/source/repos/03_BuildingEscape/BuildingEscape/Content/NewMap_BuiltData.uasset'
[2018.09.23-17.04.31:174][101]LogSavePackage: Display: Finished SavePackage ../../../../../../Users/Maurice/source/repos/03_BuildingEscape/BuildingEscape/Content/NewMap_BuiltData.uasset
[2018.09.23-17.04.31:179][101]LogFileHelpers: Saving map 'NewMap' took 0.123
[2018.09.23-17.04.31:180][101]Cmd: MAP LOAD FILE="../../../../../../Users/Maurice/source/repos/03_BuildingEscape/BuildingEscape/Content/NewMap.umap" TEMPLATE=0 SHOWPROGRESS=1 FEATURELEVEL=3
[2018.09.23-17.04.31:183][101]LogSlate: FSceneViewport::OnFocusLost() reason 2
[2018.09.23-17.04.31:185][101]LightingResults: New page: Lighting Build
[2018.09.23-17.04.31:185][101]LoadErrors: New page: Loading map: NewMap.umap
[2018.09.23-17.04.31:186][101]MapCheck: New page: Map Check
[2018.09.23-17.04.31:186][101]LightingResults: New page: Lighting Build
[2018.09.23-17.04.31:203][101]LogAIModule: Creating AISystem for world NewMap
[2018.09.23-17.04.31:208][101]LogEditorServer: Finished looking for orphan Actors (0.000 secs)
[2018.09.23-17.04.31:231][101]Cmd: MAP CHECKDEP NOCLEARLOG
[2018.09.23-17.04.31:280][101]MapCheck: Map check complete: 0 Error(s), 0 Warning(s), took 49.368ms to complete.
[2018.09.23-17.04.31:281][101]LogFileHelpers: Loading map 'NewMap' took 0.101
[2018.09.23-17.04.31:281][101]LoadErrors: Error: /Game/NewMap : Failed import for MapBuildDataRegistry /Game/NewMap_BuiltData.NewMap_BuiltData Referenced by export Level /Game/NewMap.NewMap:PersistentLevel
[2018.09.23-17.05.09:647][877]LogSlate: FSceneViewport::OnFocusLost() reason 2
[2018.09.23-17.05.10:172][937]LogSlate: FSceneViewport::OnFocusLost() reason 2
[2018.09.23-17.05.11:640][112]LogSlate: FSceneViewport::OnFocusLost() reason 2
[2018.09.23-17.05.19:654][ 73]LogSlate: FSceneViewport::OnFocusLost() reason 2
[2018.09.23-17.05.19:752][ 84]LogSlate: FSceneViewport::OnFocusLost() reason 2
[2018.09.23-17.05.34:639][574]LogSlate: FSceneViewport::OnFocusLost() reason 2
[2018.09.23-17.05.41:770][427]LogSlate: FSceneViewport::OnFocusLost() reason 2
[2018.09.23-17.05.42:704][427]LogSlate: Only BGRA pngs, bmps or icos are supported in by External Image Picker
[2018.09.23-17.05.42:789][428]LogTemp: Executing iPhonePackager certificates Engine -bundlename com.YourCompany.BuildingEscape
[2018.09.23-17.05.42:789][428]LogTemp: CWD: C:\Program Files\Epic Games\UE_4.19\Engine\Binaries\DotNET\IOS
[2018.09.23-17.05.42:789][428]LogTemp: Initial Dir: C:\Program Files\Epic Games\UE_4.19
[2018.09.23-17.05.42:789][428]LogTemp: Env CWD: C:\Program Files\Epic Games\UE_4.19\Engine\Binaries\DotNET\IOS
[2018.09.23-17.05.42:789][428]LogTemp: BranchPath = DESKTOP-H55B8C1/C/Program Files/Epic Games/UE_4.19/Engine/Binaries --- GameBranchPath = DESKTOP-H55B8C1/C/Program Files/Epic Games/UE_4.19/Engine/Binaries
[2018.09.23-17.05.42:789][428]LogTemp: IPP ERROR: Could not find provision directory 'C:\Users\Maurice\AppData\Local/Apple Computer/MobileDevice/Provisioning Profiles/'.
[2018.09.23-17.05.48:827][602]LogUObjectGlobals: Warning: Failed to find object 'Class /Script/BuildingEscape.BuildingEscapeGameMode'
[2018.09.23-17.06.25:145][167]LogSlate: Window 'Project Settings' being destroyed
[2018.09.23-17.06.25:148][167]LogSlate: Window 'Project Settings' being destroyed
[2018.09.23-17.06.27:834][248]LogSlate: FSceneViewport::OnFocusLost() reason 2
[2018.09.23-17.06.29:953][500]LogSlate: FSceneViewport::OnFocusLost() reason 2
[2018.09.23-17.06.30:557][500]LogSlate: Only BGRA pngs, bmps or icos are supported in by External Image Picker
[2018.09.23-17.06.30:648][501]LogTemp: Executing iPhonePackager certificates Engine -bundlename com.YourCompany.BuildingEscape
[2018.09.23-17.06.30:648][501]LogTemp: CWD: C:\Program Files\Epic Games\UE_4.19\Engine\Binaries\DotNET\IOS
[2018.09.23-17.06.30:648][501]LogTemp: Initial Dir: C:\Program Files\Epic Games\UE_4.19
[2018.09.23-17.06.30:648][501]LogTemp: Env CWD: C:\Program Files\Epic Games\UE_4.19\Engine\Binaries\DotNET\IOS
[2018.09.23-17.06.30:649][501]LogTemp: BranchPath = DESKTOP-H55B8C1/C/Program Files/Epic Games/UE_4.19/Engine/Binaries --- GameBranchPath = DESKTOP-H55B8C1/C/Program Files/Epic Games/UE_4.19/Engine/Binaries
[2018.09.23-17.06.30:649][501]LogTemp: IPP ERROR: Could not find provision directory 'C:\Users\Maurice\AppData\Local/Apple Computer/MobileDevice/Provisioning Profiles/'.
[2018.09.23-17.06.35:480][643]LogSlate: Window 'Project Settings' being destroyed
[2018.09.23-17.06.35:490][643]LogSlate: Window 'Project Settings' being destroyed
[2018.09.23-17.10.09:703][693]LogEditorViewport: Clicking on Actor (LMB): StaticMeshActor (Floor)
[2018.09.23-17.10.10:956][725]Cmd: CAMERA ALIGN ACTIVEVIEWPORTONLY
[2018.09.23-17.11.08:293][572]LogSlate: FSceneViewport::OnFocusLost() reason 0
[2018.09.23-17.11.15:415][788]LogMaterial: Missing cached shader map for material LayerVisMaterial, compiling. 
[2018.09.23-17.11.15:433][788]LogShaderCompilers: Display: Shaders left to compile 8
[2018.09.23-17.11.15:433][788]LogMaterial: Missing cached shader map for material SelectBrushMaterial, compiling. 
[2018.09.23-17.11.15:447][788]LogMaterial: Missing cached shader map for material SelectBrushMaterial, compiling. 
[2018.09.23-17.11.15:462][788]LogMaterial: Missing cached shader map for material MaskBrushMaterial, compiling. 
[2018.09.23-17.11.15:475][788]LogMaterial: Missing cached shader map for material LandscapeLayerUsageMaterial, compiling. 
[2018.09.23-17.11.15:515][788]LogMaterial: Missing cached shader map for material CircleBrushMaterial, compiling. 
[2018.09.23-17.11.15:522][788]LogMaterial: Missing cached shader map for material CircleBrushMaterial, compiling. 
[2018.09.23-17.11.15:532][788]LogMaterial: Missing cached shader map for material CircleBrushMaterial, compiling. 
[2018.09.23-17.11.15:542][788]LogMaterial: Missing cached shader map for material CircleBrushMaterial, compiling. 
[2018.09.23-17.11.15:555][788]LogMaterial: Missing cached shader map for material AlphaBrushMaterial, compiling. 
[2018.09.23-17.11.15:565][788]LogMaterial: Missing cached shader map for material CircleBrushMaterial, compiling. 
[2018.09.23-17.11.15:576][788]LogMaterial: Missing cached shader map for material MaskBrushMaterial, compiling. 
[2018.09.23-17.11.15:584][788]LogTexture: Display: Building textures: Texture2D_2 (G8, 128X128)
[2018.09.23-17.11.15:673][792]LogShaderCompilers: Display: Shaders left to compile 208
[2018.09.23-17.11.15:673][792]LogShaderCompilers: Display: Shaders left to compile 198
[2018.09.23-17.11.15:673][792]LogShaderCompilers: Display: Shaders left to compile 188
[2018.09.23-17.11.17:678][895]LogShaderCompilers: Display: Shaders left to compile 178
[2018.09.23-17.11.18:645][923]LogShaderCompilers: Display: Shaders left to compile 168
[2018.09.23-17.11.18:770][926]LogShaderCompilers: Display: Shaders left to compile 158
[2018.09.23-17.11.18:790][927]LogShaderCompilers: Display: Shaders left to compile 148
[2018.09.23-17.11.20:325][968]LogShaderCompilers: Display: Shaders left to compile 138
[2018.09.23-17.11.20:929][984]LogShaderCompilers: Display: Shaders left to compile 128
[2018.09.23-17.11.21:373][996]LogShaderCompilers: Display: Shaders left to compile 118
[2018.09.23-17.11.21:432][997]LogShaderCompilers: Display: Shaders left to compile 108
[2018.09.23-17.11.23:223][ 45]LogShaderCompilers: Display: Shaders left to compile 98
[2018.09.23-17.11.23:763][ 59]LogShaderCompilers: Display: Shaders left to compile 88
[2018.09.23-17.11.24:223][ 69]LogShaderCompilers: Display: Shaders left to compile 78
[2018.09.23-17.11.24:223][ 69]LogShaderCompilers: Display: Shaders left to compile 68
[2018.09.23-17.11.26:036][119]LogShaderCompilers: Display: Shaders left to compile 58
[2018.09.23-17.11.26:479][131]LogShaderCompilers: Display: Shaders left to compile 48
[2018.09.23-17.11.26:997][145]LogShaderCompilers: Display: Shaders left to compile 38
[2018.09.23-17.11.27:068][147]LogShaderCompilers: Display: Shaders left to compile 28
[2018.09.23-17.11.28:782][191]LogShaderCompilers: Display: Shaders left to compile 18
[2018.09.23-17.11.29:181][202]LogShaderCompilers: Display: Shaders left to compile 8
[2018.09.23-17.11.32:378][294]LogSlate: FSceneViewport::OnFocusLost() reason 0
[2018.09.23-17.11.40:425][569]LogEditorViewport: Clicking on Actor (LMB): StaticMeshActor (Floor)
[2018.09.23-17.11.44:100][672]LogSlate: FSceneViewport::OnFocusLost() reason 0
[2018.09.23-17.11.47:549][798]LogActorFactory: Actor Factory created Cube
[2018.09.23-17.11.49:021][839]LogActorFactory: Actor Factory created Cube
[2018.09.23-17.12.07:810][398]Cmd: DELETE
[2018.09.23-17.12.07:810][398]Cmd: ACTOR DELETE
[2018.09.23-17.12.07:815][398]LogEditorActor: Deleted Actor: StaticMeshActor
[2018.09.23-17.12.07:826][398]LogEditorActor: Deleted 1 Actors (0.015 secs)
[2018.09.23-17.12.09:208][440]LogEditorViewport: Clicking on Actor (LMB): StaticMeshActor (Floor)
[2018.09.23-17.12.10:661][479]LogEditorViewport: Clicking on Actor (LMB): StaticMeshActor (Floor)
[2018.09.23-17.12.14:674][590]LogEditorViewport: Clicking on Actor (LMB): Character (Character)
[2018.09.23-17.12.15:909][626]Cmd: DELETE
[2018.09.23-17.12.15:910][626]Cmd: ACTOR DELETE
[2018.09.23-17.12.15:911][626]LogEditorActor: Deleted Actor: Character
[2018.09.23-17.12.15:924][626]LogEditorActor: Deleted 1 Actors (0.014 secs)
[2018.09.23-17.12.21:199][787]LogSlate: FSceneViewport::OnFocusLost() reason 0
[2018.09.23-17.13.40:104][417]LogSlate: FSceneViewport::OnFocusLost() reason 0
[2018.09.23-17.14.39:638][521]LogSavePackage: Save=13.39ms
[2018.09.23-17.14.39:638][521]LogSavePackage: Moving '../../../../../../Users/Maurice/source/repos/03_BuildingEscape/BuildingEscape/Saved/NewMap_Auto1BEA78F114B6FB7B89243A99772A540DD.tmp' to '../../../../../../Users/Maurice/source/repos/03_BuildingEscape/BuildingEscape/Saved/Autosaves/Game/NewMap_Auto1.umap'
[2018.09.23-17.14.39:639][521]LogSavePackage: Display: Finished SavePackage ../../../../../../Users/Maurice/source/repos/03_BuildingEscape/BuildingEscape/Saved/Autosaves/Game/NewMap_Auto1.umap
[2018.09.23-17.14.39:641][521]LogFileHelpers: Editor autosave (incl. sublevels) for '/Game/NewMap' took 0.035
[2018.09.23-17.14.39:641][521]LogFileHelpers: Editor autosave (incl. sublevels) for all levels took 0.035
[2018.09.23-17.15.50:466][197]LogActorFactory: Actor Factory created SM_MatPreviewMesh_02
[2018.09.23-17.15.52:159][247]LogActorFactory: Actor Factory created SM_MatPreviewMesh_02
[2018.09.23-17.19.38:815][765]LogSlate: FSceneViewport::OnFocusLost() reason 0
[2018.09.23-17.19.43:064][149]Cmd: OBJ SAVEPACKAGE PACKAGE="/Game/NewMap" FILE="../../../../../../Users/Maurice/source/repos/03_BuildingEscape/BuildingEscape/Content/NewMap.umap" SILENT=true AUTOSAVING=false KEEPDIRTY=false
[2018.09.23-17.19.43:092][149]LogSavePackage: Save=13.84ms
[2018.09.23-17.19.43:092][149]LogSavePackage: Moving '../../../../../../Users/Maurice/source/repos/03_BuildingEscape/BuildingEscape/Saved/NewMap48E2251E489D006175B66D95EB58FE2E.tmp' to '../../../../../../Users/Maurice/source/repos/03_BuildingEscape/BuildingEscape/Content/NewMap.umap'
[2018.09.23-17.19.43:095][149]LogSavePackage: Display: Finished SavePackage ../../../../../../Users/Maurice/source/repos/03_BuildingEscape/BuildingEscape/Content/NewMap.umap
[2018.09.23-17.19.45:025][207]LogSlate: Window 'BuildingEscape - Unreal Editor' being destroyed
[2018.09.23-17.19.45:191][208]Cmd: QUIT_EDITOR
[2018.09.23-17.19.45:207][208]LogWindowsTextInputMethodSystem: Display: IME system now deactivated.
[2018.09.23-17.19.45:216][208]LogSlate: Slate User Destroyed.  User Index 0, Is Virtual User: 0
[2018.09.23-17.19.45:216][208]LogExit: Preparing to exit.
[2018.09.23-17.19.46:306][208]LogDirectoryWatcher: A directory notification for 'C:/Users/Maurice/source/repos/03_BuildingEscape/BuildingEscape/Content/' was aborted.
[2018.09.23-17.19.46:320][208]LogExit: Editor shut down
[2018.09.23-17.19.46:323][208]LogExit: Transaction tracking system shut down
[2018.09.23-17.19.46:515][208]LogDirectoryWatcher: A directory notification for '../../../Engine/Content/' was aborted.
[2018.09.23-17.19.46:515][208]LogDirectoryWatcher: A directory notification for '../../../../../../Users/Maurice/source/repos/03_BuildingEscape/BuildingEscape/Content/' was aborted.
[2018.09.23-17.19.46:515][208]LogDirectoryWatcher: A directory notification for '../../Plugins/2D/Paper2D/Content/' was aborted.
[2018.09.23-17.19.46:515][208]LogDirectoryWatcher: A directory notification for '../../Plugins/Enterprise/DatasmithContent/Content/' was aborted.
[2018.09.23-17.19.46:515][208]LogDirectoryWatcher: A directory notification for '../../Plugins/Media/MediaCompositing/Content/' was aborted.
[2018.09.23-17.19.46:515][208]LogDirectoryWatcher: A directory notification for '../../Plugins/Runtime/AppleARKit/Content/' was aborted.
[2018.09.23-17.19.46:515][208]LogDirectoryWatcher: A directory notification for '../../Plugins/Runtime/Oculus/OculusVR/Content/' was aborted.
[2018.09.23-17.19.46:515][208]LogDirectoryWatcher: A directory notification for '../../Plugins/Runtime/Steam/SteamVR/Content/' was aborted.
[2018.09.23-17.19.46:557][208]LogExit: Object subsystem successfully closed.
[2018.09.23-17.19.46:572][208]LogShaderCompilers: Display: Shaders left to compile 0
[2018.09.23-17.19.46:575][208]LogD3D11RHI: Shutdown
[2018.09.23-17.19.46:575][208]LogD3D11RHI: CleanupD3DDevice
[2018.09.23-17.19.46:585][208]LogD3D11RHI: ~FD3D11DynamicRHI
[2018.09.23-17.19.46:604][208]LogModuleManager: Shutting down and abandoning module ExternalImagePicker (582)
[2018.09.23-17.19.46:604][208]LogModuleManager: Shutting down and abandoning module HierarchicalLODUtilities (580)
[2018.09.23-17.19.46:604][208]LogModuleManager: Shutting down and abandoning module NewLevelDialog (578)
[2018.09.23-17.19.46:604][208]LogModuleManager: Shutting down and abandoning module HierarchicalLODOutliner (576)
[2018.09.23-17.19.46:604][208]LogModuleManager: Shutting down and abandoning module DesktopPlatform (574)
[2018.09.23-17.19.46:604][208]LogModuleManager: Shutting down and abandoning module SceneOutliner (572)
[2018.09.23-17.19.46:604][208]LogModuleManager: Shutting down and abandoning module AddContentDialog (570)
[2018.09.23-17.19.46:604][208]LogDirectoryWatcher: A directory notification for 'C:/Program Files/Epic Games/UE_4.19/FeaturePacks/' was aborted.
[2018.09.23-17.19.46:605][208]LogModuleManager: Shutting down and abandoning module WidgetCarousel (569)
[2018.09.23-17.19.46:605][208]LogModuleManager: Shutting down and abandoning module EditorWidgets (566)
[2018.09.23-17.19.46:605][208]LogModuleManager: Shutting down and abandoning module CollectionManager (564)
[2018.09.23-17.19.46:605][208]LogDirectoryWatcher: A directory notification for 'C:/Users/Maurice/source/repos/03_BuildingEscape/BuildingEscape/Content/Collections/' was aborted.
[2018.09.23-17.19.46:605][208]LogDirectoryWatcher: A directory notification for 'C:/Users/Maurice/source/repos/03_BuildingEscape/BuildingEscape/Content/Developers/Maurice/Collections/' was aborted.
[2018.09.23-17.19.46:605][208]LogDirectoryWatcher: A directory notification for 'C:/Users/Maurice/source/repos/03_BuildingEscape/BuildingEscape/Saved/Collections/' was aborted.
[2018.09.23-17.19.46:605][208]LogModuleManager: Shutting down and abandoning module StatsViewer (562)
[2018.09.23-17.19.46:605][208]LogModuleManager: Shutting down and abandoning module FoliageEdit (560)
[2018.09.23-17.19.46:605][208]LogModuleManager: Shutting down and abandoning module LandscapeEditor (558)
[2018.09.23-17.19.46:605][208]LogModuleManager: Shutting down and abandoning module MeshPaintMode (556)
[2018.09.23-17.19.46:605][208]LogModuleManager: Shutting down and abandoning module SceneDepthPickerMode (554)
[2018.09.23-17.19.46:605][208]LogModuleManager: Shutting down and abandoning module ActorPickerMode (552)
[2018.09.23-17.19.46:605][208]LogModuleManager: Shutting down and abandoning module GeometryMode (550)
[2018.09.23-17.19.46:605][208]LogModuleManager: Shutting down and abandoning module TextureAlignMode (548)
[2018.09.23-17.19.46:605][208]LogModuleManager: Shutting down and abandoning module BspMode (546)
[2018.09.23-17.19.46:605][208]LogModuleManager: Shutting down and abandoning module PIEPreviewDeviceProfileSelector (544)
[2018.09.23-17.19.46:605][208]LogModuleManager: Shutting down and abandoning module HardwareSurvey (542)
[2018.09.23-17.19.46:605][208]LogModuleManager: Shutting down and abandoning module SequenceRecorderSections (540)
[2018.09.23-17.19.46:605][208]LogModuleManager: Shutting down and abandoning module AutomationWorker (538)
[2018.09.23-17.19.46:605][208]LogModuleManager: Shutting down and abandoning module AudioCaptureEditor (536)
[2018.09.23-17.19.46:605][208]LogModuleManager: Shutting down and abandoning module SequenceRecorder (535)
[2018.09.23-17.19.46:605][208]LogModuleManager: Shutting down and abandoning module MatineeToLevelSequence (532)
[2018.09.23-17.19.46:605][208]LogModuleManager: Shutting down and abandoning module LevelSequenceEditor (530)
[2018.09.23-17.19.46:605][208]LogModuleManager: Shutting down and abandoning module PlacementMode (529)
[2018.09.23-17.19.46:605][208]LogModuleManager: Shutting down and abandoning module MaterialEditor (528)
[2018.09.23-17.19.46:605][208]LogModuleManager: Shutting down and abandoning module WmfMediaFactory (524)
[2018.09.23-17.19.46:606][208]LogModuleManager: Shutting down and abandoning module WmfMediaEditor (522)
[2018.09.23-17.19.46:606][208]LogModuleManager: Shutting down and abandoning module MediaPlayerEditor (520)
[2018.09.23-17.19.46:606][208]LogModuleManager: Shutting down and abandoning module OpenExrWrapper (518)
[2018.09.23-17.19.46:606][208]LogModuleManager: Shutting down and abandoning module ImgMediaFactory (516)
[2018.09.23-17.19.46:606][208]LogModuleManager: Shutting down and abandoning module ImgMediaEditor (514)
[2018.09.23-17.19.46:606][208]LogModuleManager: Shutting down and abandoning module AvfMediaFactory (512)
[2018.09.23-17.19.46:606][208]LogModuleManager: Shutting down and abandoning module AvfMediaEditor (510)
[2018.09.23-17.19.46:606][208]LogModuleManager: Shutting down and abandoning module AndroidMediaFactory (508)
[2018.09.23-17.19.46:606][208]LogModuleManager: Shutting down and abandoning module AndroidMediaEditor (506)
[2018.09.23-17.19.46:606][208]LogModuleManager: Shutting down and abandoning module CharacterAI (504)
[2018.09.23-17.19.46:606][208]LogModuleManager: Shutting down and abandoning module SmartSnapping (502)
[2018.09.23-17.19.46:606][208]LogModuleManager: Shutting down and abandoning module SessionServices (500)
[2018.09.23-17.19.46:606][208]LogModuleManager: Shutting down and abandoning module ViewportSnapping (498)
[2018.09.23-17.19.46:606][208]LogModuleManager: Shutting down and abandoning module ViewportInteraction (496)
[2018.09.23-17.19.46:606][208]LogModuleManager: Shutting down and abandoning module ClothPainter (494)
[2018.09.23-17.19.46:606][208]LogModuleManager: Shutting down and abandoning module SkeletalMeshEditor (493)
[2018.09.23-17.19.46:606][208]LogModuleManager: Shutting down and abandoning module LogVisualizer (490)
[2018.09.23-17.19.46:606][208]LogModuleManager: Shutting down and abandoning module IntroTutorials (488)
[2018.09.23-17.19.46:606][208]LogModuleManager: Shutting down and abandoning module GameProjectGeneration (487)
[2018.09.23-17.19.46:606][208]LogModuleManager: Shutting down and abandoning module IOSPlatformEditor (484)
[2018.09.23-17.19.46:606][208]LogModuleManager: Shutting down and abandoning module HTML5PlatformEditor (482)
[2018.09.23-17.19.46:606][208]LogModuleManager: Shutting down and abandoning module AndroidPlatformEditor (480)
[2018.09.23-17.19.46:606][208]LogModuleManager: Shutting down and abandoning module AndroidDeviceDetection (479)
[2018.09.23-17.19.46:724][208]LogModuleManager: Shutting down and abandoning module WindowsPlatformEditor (476)
[2018.09.23-17.19.46:724][208]LogModuleManager: Shutting down and abandoning module IOSRuntimeSettings (474)
[2018.09.23-17.19.46:724][208]LogModuleManager: Shutting down and abandoning module AndroidRuntimeSettings (472)
[2018.09.23-17.19.46:724][208]LogModuleManager: Shutting down and abandoning module InputBindingEditor (470)
[2018.09.23-17.19.46:724][208]LogModuleManager: Shutting down and abandoning module MergeActors (468)
[2018.09.23-17.19.46:724][208]LogModuleManager: Shutting down and abandoning module LocalizationDashboard (466)
[2018.09.23-17.19.46:724][208]LogModuleManager: Shutting down and abandoning module LocalizationService (465)
[2018.09.23-17.19.46:724][208]LogModuleManager: Shutting down and abandoning module HardwareTargeting (462)
[2018.09.23-17.19.46:724][208]LogModuleManager: Shutting down and abandoning module DeviceProfileEditor (460)
[2018.09.23-17.19.46:724][208]LogModuleManager: Shutting down and abandoning module UndoHistory (458)
[2018.09.23-17.19.46:724][208]LogModuleManager: Shutting down and abandoning module XmlParser (456)
[2018.09.23-17.19.46:724][208]LogModuleManager: Shutting down and abandoning module Blutility (454)
[2018.09.23-17.19.46:724][208]LogModuleManager: Shutting down and abandoning module ProjectSettingsViewer (452)
[2018.09.23-17.19.46:724][208]LogModuleManager: Shutting down and abandoning module ProjectTargetPlatformEditor (451)
[2018.09.23-17.19.46:724][208]LogModuleManager: Shutting down and abandoning module EditorSettingsViewer (448)
[2018.09.23-17.19.46:725][208]LogModuleManager: Shutting down and abandoning module SettingsEditor (446)
[2018.09.23-17.19.46:725][208]LogModuleManager: Shutting down and abandoning module ProjectLauncher (444)
[2018.09.23-17.19.46:725][208]LogModuleManager: Shutting down and abandoning module SessionFrontend (442)
[2018.09.23-17.19.46:725][208]LogModuleManager: Shutting down and abandoning module ProfilerClient (440)
[2018.09.23-17.19.46:725][208]LogModuleManager: Shutting down and abandoning module DeviceManager (438)
[2018.09.23-17.19.46:725][208]LogModuleManager: Shutting down and abandoning module TargetDeviceServices (437)
[2018.09.23-17.19.46:768][208]LogModuleManager: Shutting down and abandoning module AutomationController (434)
[2018.09.23-17.19.46:768][208]LogModuleManager: Shutting down and abandoning module AutomationWindow (432)
[2018.09.23-17.19.46:768][208]LogModuleManager: Shutting down and abandoning module Layers (430)
[2018.09.23-17.19.46:768][208]LogModuleManager: Shutting down and abandoning module ComponentVisualizers (428)
[2018.09.23-17.19.46:768][208]LogModuleManager: Shutting down and abandoning module DetailCustomizations (426)
[2018.09.23-17.19.46:768][208]LogModuleManager: Shutting down and abandoning module PackagesDialog (424)
[2018.09.23-17.19.46:768][208]LogModuleManager: Shutting down and abandoning module Persona (422)
[2018.09.23-17.19.46:768][208]LogModuleManager: Shutting down and abandoning module AdvancedPreviewScene (421)
[2018.09.23-17.19.46:768][208]LogModuleManager: Shutting down and abandoning module AnimGraph (419)
[2018.09.23-17.19.46:768][208]LogModuleManager: Shutting down and abandoning module Kismet (416)
[2018.09.23-17.19.46:768][208]LogModuleManager: Shutting down and abandoning module GraphEditor (414)
[2018.09.23-17.19.46:768][208]LogModuleManager: Shutting down and abandoning module ClassViewer (412)
[2018.09.23-17.19.46:768][208]LogModuleManager: Shutting down and abandoning module Toolbox (410)
[2018.09.23-17.19.46:768][208]LogModuleManager: Shutting down and abandoning module ModuleUI (408)
[2018.09.23-17.19.46:768][208]LogModuleManager: Shutting down and abandoning module MovieSceneTools (406)
[2018.09.23-17.19.46:768][208]LogModuleManager: Shutting down and abandoning module OutputLog (404)
[2018.09.23-17.19.46:769][208]LogModuleManager: Shutting down and abandoning module GammaUI (402)
[2018.09.23-17.19.46:769][208]LogModuleManager: Shutting down and abandoning module Documentation (400)
[2018.09.23-17.19.46:769][208]LogModuleManager: Shutting down and abandoning module MovieSceneTracks (398)
[2018.09.23-17.19.46:769][208]LogModuleManager: Shutting down and abandoning module MovieScene (396)
[2018.09.23-17.19.46:769][208]LogModuleManager: Shutting down and abandoning module StreamingPauseRendering (394)
[2018.09.23-17.19.46:769][208]LogModuleManager: Shutting down and abandoning module LauncherPlatform (392)
[2018.09.23-17.19.46:769][208]LogModuleManager: Shutting down and abandoning module AnalyticsET (390)
[2018.09.23-17.19.46:769][208]LogModuleManager: Shutting down and abandoning module PortalServices (388)
[2018.09.23-17.19.46:769][208]LogModuleManager: Shutting down and abandoning module PortalRpc (386)
[2018.09.23-17.19.46:769][208]LogModuleManager: Shutting down and abandoning module MessagingRpc (384)
[2018.09.23-17.19.46:769][208]LogModuleManager: Shutting down and abandoning module AIModule (382)
[2018.09.23-17.19.46:769][208]LogModuleManager: Shutting down and abandoning module GameplayDebugger (381)
[2018.09.23-17.19.46:769][208]LogModuleManager: Shutting down and abandoning module AITestSuite (379)
[2018.09.23-17.19.46:769][208]LogModuleManager: Shutting down and abandoning module ProfilerService (376)
[2018.09.23-17.19.46:774][208]LogModuleManager: Shutting down and abandoning module TaskGraph (374)
[2018.09.23-17.19.46:774][208]LogModuleManager: Shutting down and abandoning module SteamVRController (372)
[2018.09.23-17.19.46:774][208]LogModuleManager: Shutting down and abandoning module ProceduralMeshComponentEditor (370)
[2018.09.23-17.19.46:774][208]LogModuleManager: Shutting down and abandoning module ProceduralMeshComponent (368)
[2018.09.23-17.19.46:774][208]LogModuleManager: Shutting down and abandoning module OculusInput (366)
[2018.09.23-17.19.46:774][208]LogModuleManager: Shutting down and abandoning module MobilePatchingUtils (364)
[2018.09.23-17.19.46:774][208]LogModuleManager: Shutting down and abandoning module CustomMeshComponent (362)
[2018.09.23-17.19.46:774][208]LogModuleManager: Shutting down and abandoning module CableComponent (360)
[2018.09.23-17.19.46:774][208]LogModuleManager: Shutting down and abandoning module AudioCapture (358)
[2018.09.23-17.19.46:774][208]LogModuleManager: Shutting down and abandoning module ArchVisCharacter (356)
[2018.09.23-17.19.46:774][208]LogModuleManager: Shutting down and abandoning module AndroidPermission (354)
[2018.09.23-17.19.46:774][208]LogModuleManager: Shutting down and abandoning module NUTUnrealEngine4 (350)
[2018.09.23-17.19.46:774][208]LogModuleManager: Shutting down and abandoning module NetcodeUnitTest (348)
[2018.09.23-17.19.46:774][208]LogModuleManager: Shutting down and abandoning module MediaCompositingEditor (346)
[2018.09.23-17.19.46:774][208]LogModuleManager: Shutting down and abandoning module MediaCompositing (344)
[2018.09.23-17.19.46:774][208]LogModuleManager: Shutting down and abandoning module LinearTimecode (342)
[2018.09.23-17.19.46:774][208]LogModuleManager: Shutting down and abandoning module ImgMedia (340)
[2018.09.23-17.19.46:776][208]LogModuleManager: Shutting down and abandoning module HTML5Networking (338)
[2018.09.23-17.19.46:776][208]LogModuleManager: Shutting down and abandoning module AlembicImporter (336)
[2018.09.23-17.19.46:776][208]LogModuleManager: Shutting down and abandoning module AlembicLibrary (335)
[2018.09.23-17.19.46:776][208]LogModuleManager: Shutting down and abandoning module GeometryCache (334)
[2018.09.23-17.19.46:776][208]LogModuleManager: Shutting down and abandoning module GeometryCacheEd (333)
[2018.09.23-17.19.46:776][208]LogModuleManager: Shutting down and abandoning module DatasmithContent (328)
[2018.09.23-17.19.46:776][208]LogModuleManager: Shutting down and abandoning module SpeedTreeImporter (326)
[2018.09.23-17.19.46:776][208]LogModuleManager: Shutting down and abandoning module PluginBrowser (324)
[2018.09.23-17.19.46:776][208]LogModuleManager: Shutting down and abandoning module MobileLauncherProfileWizard (322)
[2018.09.23-17.19.46:776][208]LogModuleManager: Shutting down and abandoning module CryptoKeysOpenSSL (320)
[2018.09.23-17.19.46:776][208]LogModuleManager: Shutting down and abandoning module CryptoKeys (318)
[2018.09.23-17.19.46:776][208]LogModuleManager: Shutting down and abandoning module VisualStudioSourceCodeAccess (316)
[2018.09.23-17.19.46:776][208]LogModuleManager: Shutting down and abandoning module VisualStudioCodeSourceCodeAccess (314)
[2018.09.23-17.19.46:776][208]LogModuleManager: Shutting down and abandoning module UObjectPlugin (312)
[2018.09.23-17.19.46:776][208]LogModuleManager: Shutting down and abandoning module SubversionSourceControl (310)
[2018.09.23-17.19.46:776][208]LogModuleManager: Shutting down and abandoning module PerforceSourceControl (308)
[2018.09.23-17.19.46:777][208]LogModuleManager: Shutting down and abandoning module GitSourceControl (306)
[2018.09.23-17.19.46:777][208]LogModuleManager: Shutting down and abandoning module SourceControl (305)
[2018.09.23-17.19.46:777][208]LogModuleManager: Shutting down and abandoning module CLionSourceCodeAccess (302)
[2018.09.23-17.19.46:777][208]LogModuleManager: Shutting down and abandoning module LightPropagationVolumeEditor (300)
[2018.09.23-17.19.46:777][208]LogModuleManager: Shutting down and abandoning module PaperTiledImporter (298)
[2018.09.23-17.19.46:777][208]LogModuleManager: Shutting down and abandoning module PaperSpriteSheetImporter (296)
[2018.09.23-17.19.46:777][208]LogModuleManager: Shutting down and abandoning module Paper2DEditor (294)
[2018.09.23-17.19.46:777][208]LogModuleManager: Shutting down and abandoning module MeshPaint (293)
[2018.09.23-17.19.46:777][208]LogModuleManager: Shutting down and abandoning module BuildingEscape (290)
[2018.09.23-17.19.46:777][208]LogModuleManager: Shutting down and abandoning module RuntimePhysXCooking (288)
[2018.09.23-17.19.46:777][208]LogModuleManager: Shutting down and abandoning module PhysXVehiclesEditor (286)
[2018.09.23-17.19.46:777][208]LogModuleManager: Shutting down and abandoning module PhysXVehicles (284)
[2018.09.23-17.19.46:777][208]LogModuleManager: Shutting down and abandoning module OculusEditor (282)
[2018.09.23-17.19.46:777][208]LogModuleManager: Shutting down and abandoning module LocationServicesBPLibrary (280)
[2018.09.23-17.19.46:777][208]LogModuleManager: Shutting down and abandoning module ImmediatePhysicsEditor (278)
[2018.09.23-17.19.46:777][208]LogModuleManager: Shutting down and abandoning module ImmediatePhysics (276)
[2018.09.23-17.19.46:777][208]LogModuleManager: Shutting down and abandoning module ActorSequence (274)
[2018.09.23-17.19.46:777][208]LogModuleManager: Shutting down and abandoning module UdpMessaging (272)
[2018.09.23-17.19.46:878][208]LogModuleManager: Shutting down and abandoning module TcpMessaging (270)
[2018.09.23-17.19.46:979][208]LogModuleManager: Shutting down and abandoning module GameplayTagsEditor (268)
[2018.09.23-17.19.46:979][208]LogModuleManager: Shutting down and abandoning module FacialAnimationEditor (266)
[2018.09.23-17.19.46:979][208]LogModuleManager: Shutting down and abandoning module FacialAnimation (264)
[2018.09.23-17.19.46:979][208]LogModuleManager: Shutting down and abandoning module DataValidation (262)
[2018.09.23-17.19.46:979][208]LogModuleManager: Shutting down and abandoning module AssetManagerEditor (260)
[2018.09.23-17.19.46:979][208]LogModuleManager: Shutting down and abandoning module LevelEditor (259)
[2018.09.23-17.19.46:979][208]LogModuleManager: Shutting down and abandoning module PixelInspectorModule (258)
[2018.09.23-17.19.46:979][208]LogModuleManager: Shutting down and abandoning module CommonMenuExtensions (256)
[2018.09.23-17.19.46:979][208]LogModuleManager: Shutting down and abandoning module MainFrame (254)
[2018.09.23-17.19.46:980][208]LogModuleManager: Shutting down and abandoning module HotReload (253)
[2018.09.23-17.19.46:980][208]LogDirectoryWatcher: A directory notification for 'C:/Users/Maurice/source/repos/03_BuildingEscape/BuildingEscape/Binaries/Win64' was aborted.
[2018.09.23-17.19.46:980][208]LogModuleManager: Shutting down and abandoning module ContentBrowser (249)
[2018.09.23-17.19.46:981][208]LogModuleManager: Shutting down and abandoning module TreeMap (247)
[2018.09.23-17.19.46:981][208]LogModuleManager: Shutting down and abandoning module LightPropagationVolumeRuntime (244)
[2018.09.23-17.19.46:981][208]LogModuleManager: Shutting down and abandoning module LiveLinkEditor (242)
[2018.09.23-17.19.46:981][208]LogModuleManager: Shutting down and abandoning module LiveLink (240)
[2018.09.23-17.19.47:073][208]LogModuleManager: Shutting down and abandoning module Paper2D (238)
[2018.09.23-17.19.47:073][208]LogModuleManager: Shutting down and abandoning module WindowsMoviePlayer (236)
[2018.09.23-17.19.47:073][208]LogModuleManager: Shutting down and abandoning module WmfMedia (234)
[2018.09.23-17.19.47:076][208]LogModuleManager: Shutting down and abandoning module Media (233)
[2018.09.23-17.19.47:084][208]LogModuleManager: Shutting down and abandoning module PacketHandler (230)
[2018.09.23-17.19.47:084][208]LogModuleManager: Shutting down and abandoning module ClothingSystemEditor (228)
[2018.09.23-17.19.47:084][208]LogModuleManager: Shutting down and abandoning module ClothingSystemRuntime (226)
[2018.09.23-17.19.47:084][208]LogModuleManager: Shutting down and abandoning module MediaAssets (224)
[2018.09.23-17.19.47:084][208]LogModuleManager: Shutting down and abandoning module Overlay (222)
[2018.09.23-17.19.47:084][208]LogModuleManager: Shutting down and abandoning module OverlayEditor (221)
[2018.09.23-17.19.47:084][208]LogModuleManager: Shutting down and abandoning module VREditor (218)
[2018.09.23-17.19.47:085][208]LogModuleManager: Shutting down and abandoning module StringTableEditor (216)
[2018.09.23-17.19.47:085][208]LogModuleManager: Shutting down and abandoning module GameplayTasksEditor (214)
[2018.09.23-17.19.47:085][208]LogModuleManager: Shutting down and abandoning module BehaviorTreeEditor (212)
[2018.09.23-17.19.47:085][208]LogModuleManager: Shutting down and abandoning module FunctionalTesting (210)
[2018.09.23-17.19.47:085][208]LogModuleManager: Shutting down and abandoning module CollisionAnalyzer (208)
[2018.09.23-17.19.47:085][208]LogModuleManager: Shutting down and abandoning module WorkspaceMenuStructure (207)
[2018.09.23-17.19.47:085][208]LogModuleManager: Shutting down and abandoning module UMG (204)
[2018.09.23-17.19.47:085][208]LogModuleManager: Shutting down and abandoning module UMGEditor (203)
[2018.09.23-17.19.47:085][208]LogModuleManager: Shutting down and abandoning module Sequencer (202)
[2018.09.23-17.19.47:086][208]LogModuleManager: Shutting down and abandoning module MessageLog (199)
[2018.09.23-17.19.47:086][208]LogModuleManager: Shutting down and abandoning module SlateReflector (194)
[2018.09.23-17.19.47:086][208]LogModuleManager: Shutting down and abandoning module Slate (192)
[2018.09.23-17.19.47:086][208]LogModuleManager: Shutting down and abandoning module EditorStyle (190)
[2018.09.23-17.19.47:087][208]LogModuleManager: Shutting down and abandoning module MRMesh (188)
[2018.09.23-17.19.47:087][208]LogModuleManager: Shutting down and abandoning module SourceCodeAccess (186)
[2018.09.23-17.19.47:087][208]LogModuleManager: Shutting down and abandoning module HeadMountedDisplay (184)
[2018.09.23-17.19.47:087][208]LogModuleManager: Shutting down and abandoning module XAudio2 (182)
[2018.09.23-17.19.47:087][208]LogModuleManager: Shutting down and abandoning module Networking (180)
[2018.09.23-17.19.47:087][208]LogModuleManager: Shutting down and abandoning module Core (178)
[2018.09.23-17.19.47:087][208]LogModuleManager: Shutting down and abandoning module LevelSequence (176)
[2018.09.23-17.19.47:087][208]LogModuleManager: Shutting down and abandoning module KismetCompiler (174)
[2018.09.23-17.19.47:087][208]LogModuleManager: Shutting down and abandoning module MeshUtilities (172)
[2018.09.23-17.19.47:087][208]LogModuleManager: Shutting down and abandoning module MeshMergeUtilities (171)
[2018.09.23-17.19.47:087][208]LogModuleManager: Shutting down and abandoning module MeshReductionInterface (170)
[2018.09.23-17.19.47:087][208]LogModuleManager: Shutting down and abandoning module SimplygonSwarm (169)
[2018.09.23-17.19.47:087][208]LogModuleManager: Shutting down and abandoning module SimplygonMeshReduction (167)
[2018.09.23-17.19.47:087][208]LogModuleManager: Shutting down and abandoning module QuadricMeshReduction (165)
[2018.09.23-17.19.47:087][208]LogModuleManager: Shutting down and abandoning module MaterialBaking (161)
[2018.09.23-17.19.47:087][208]LogModuleManager: Shutting down and abandoning module DirectoryWatcher (157)
[2018.09.23-17.19.47:088][208]LogModuleManager: Shutting down and abandoning module DerivedDataCache (154)
[2018.09.23-17.19.47:163][208]LogDerivedDataCache: Shutdown
[2018.09.23-17.19.47:163][208]LogModuleManager: Shutting down and abandoning module XGEController (152)
[2018.09.23-17.19.47:163][208]LogModuleManager: Shutting down and abandoning module TargetPlatform (150)
[2018.09.23-17.19.47:163][208]LogModuleManager: Shutting down and abandoning module VulkanShaderFormat (149)
[2018.09.23-17.19.47:163][208]LogModuleManager: Shutting down and abandoning module ShaderFormatVectorVM (147)
[2018.09.23-17.19.47:164][208]LogModuleManager: Shutting down and abandoning module ShaderFormatOpenGL (145)
[2018.09.23-17.19.47:164][208]LogModuleManager: Shutting down and abandoning module ShaderFormatD3D (143)
[2018.09.23-17.19.47:164][208]LogModuleManager: Shutting down and abandoning module MetalShaderFormat (141)
[2018.09.23-17.19.47:164][208]LogModuleManager: Shutting down and abandoning module TextureFormatUncompressed (139)
[2018.09.23-17.19.47:164][208]LogModuleManager: Shutting down and abandoning module TextureFormatPVR (137)
[2018.09.23-17.19.47:164][208]LogModuleManager: Shutting down and abandoning module TextureFormatDXT (135)
[2018.09.23-17.19.47:164][208]LogModuleManager: Shutting down and abandoning module TextureFormatIntelISPCTexComp (133)
[2018.09.23-17.19.47:164][208]LogModuleManager: Shutting down and abandoning module TextureFormatASTC (131)
[2018.09.23-17.19.47:164][208]LogModuleManager: Shutting down and abandoning module ImageWrapper (130)
[2018.09.23-17.19.47:164][208]LogModuleManager: Shutting down and abandoning module TextureFormatAndroid (127)
[2018.09.23-17.19.47:164][208]LogModuleManager: Shutting down and abandoning module AudioFormatOpus (125)
[2018.09.23-17.19.47:164][208]LogModuleManager: Shutting down and abandoning module AudioFormatOgg (123)
[2018.09.23-17.19.47:165][208]LogModuleManager: Shutting down and abandoning module AudioFormatADPCM (121)
[2018.09.23-17.19.47:165][208]LogModuleManager: Shutting down and abandoning module LinuxTargetPlatform (119)
[2018.09.23-17.19.47:165][208]LogModuleManager: Shutting down and abandoning module LinuxServerTargetPlatform (117)
[2018.09.23-17.19.47:165][208]LogModuleManager: Shutting down and abandoning module LinuxNoEditorTargetPlatform (115)
[2018.09.23-17.19.47:165][208]LogModuleManager: Shutting down and abandoning module LinuxClientTargetPlatform (113)
[2018.09.23-17.19.47:165][208]LogModuleManager: Shutting down and abandoning module TVOSTargetPlatform (111)
[2018.09.23-17.19.47:165][208]LogModuleManager: Shutting down and abandoning module Messaging (109)
[2018.09.23-17.19.47:165][208]LogModuleManager: Shutting down and abandoning module IOSTargetPlatform (107)
[2018.09.23-17.19.47:165][208]LogModuleManager: Shutting down and abandoning module HTML5TargetPlatform (105)
[2018.09.23-17.19.47:165][208]LogModuleManager: Shutting down and abandoning module AndroidTargetPlatform (103)
[2018.09.23-17.19.47:165][208]LogModuleManager: Shutting down and abandoning module Android_PVRTCTargetPlatform (101)
[2018.09.23-17.19.47:166][208]LogModuleManager: Shutting down and abandoning module Android_MultiTargetPlatform (99)
[2018.09.23-17.19.47:166][208]LogModuleManager: Shutting down and abandoning module Android_ETC2TargetPlatform (97)
[2018.09.23-17.19.47:166][208]LogModuleManager: Shutting down and abandoning module Android_ETC1TargetPlatform (95)
[2018.09.23-17.19.47:166][208]LogModuleManager: Shutting down and abandoning module Android_ETC1aTargetPlatform (93)
[2018.09.23-17.19.47:166][208]LogModuleManager: Shutting down and abandoning module Android_DXTTargetPlatform (91)
[2018.09.23-17.19.47:166][208]LogModuleManager: Shutting down and abandoning module Android_ATCTargetPlatform (89)
[2018.09.23-17.19.47:166][208]LogModuleManager: Shutting down and abandoning module Android_ASTCTargetPlatform (87)
[2018.09.23-17.19.47:166][208]LogModuleManager: Shutting down and abandoning module WindowsTargetPlatform (85)
[2018.09.23-17.19.47:166][208]LogModuleManager: Shutting down and abandoning module WindowsServerTargetPlatform (83)
[2018.09.23-17.19.47:166][208]LogModuleManager: Shutting down and abandoning module WindowsNoEditorTargetPlatform (81)
[2018.09.23-17.19.47:166][208]LogModuleManager: Shutting down and abandoning module WindowsClientTargetPlatform (79)
[2018.09.23-17.19.47:166][208]LogModuleManager: Shutting down and abandoning module MacTargetPlatform (77)
[2018.09.23-17.19.47:167][208]LogModuleManager: Shutting down and abandoning module MacServerTargetPlatform (75)
[2018.09.23-17.19.47:167][208]LogModuleManager: Shutting down and abandoning module MacNoEditorTargetPlatform (73)
[2018.09.23-17.19.47:167][208]LogModuleManager: Shutting down and abandoning module MacClientTargetPlatform (71)
[2018.09.23-17.19.47:167][208]LogModuleManager: Shutting down and abandoning module AllDesktopTargetPlatform (69)
[2018.09.23-17.19.47:167][208]LogModuleManager: Shutting down and abandoning module InputCore (66)
[2018.09.23-17.19.47:167][208]LogModuleManager: Shutting down and abandoning module Settings (64)
[2018.09.23-17.19.47:167][208]LogModuleManager: Shutting down and abandoning module PhysXCooking (62)
[2018.09.23-17.19.47:167][208]LogModuleManager: Shutting down and abandoning module SteamVR (60)
[2018.09.23-17.19.47:167][208]LogModuleManager: Shutting down and abandoning module OculusHMD (58)
[2018.09.23-17.19.47:167][208]LogModuleManager: Shutting down and abandoning module ExampleDeviceProfileSelector (56)
[2018.09.23-17.19.47:167][208]LogModuleManager: Shutting down and abandoning module AppleARKit (54)
[2018.09.23-17.19.47:167][208]LogModuleManager: Shutting down and abandoning module AugmentedReality (51)
[2018.09.23-17.19.47:167][208]LogModuleManager: Shutting down and abandoning module OnlineBlueprintSupport (48)
[2018.09.23-17.19.47:168][208]LogModuleManager: Shutting down and abandoning module OnlineSubsystem (44)
[2018.09.23-17.19.47:168][208]LogModuleManager: Shutting down and abandoning module XMPP (43)
[2018.09.23-17.19.47:168][208]LogModuleManager: Shutting down and abandoning module HTTP (41)
[2018.09.23-17.19.47:168][208]LogHttp: Display: Http module shutting down, but needs to wait on 1 outstanding Http requests:
[2018.09.23-17.19.47:168][208]LogHttp: Display: 	verb=[POST] url=[https://datarouter.ol.epicgames.com/datarouter/api/v1/public/data?SessionID=%7BF5108908-416E-7DF3-90B7-95B91D45B0F2%7D&AppID=UEEditor.Rocket.Release&AppVersion=4.19.2-4033788%2B%2B%2BUE4%2BRelease-4.19&UserID=97c91cb443626d2a095a57abbd140183%7Ca30a09eb1ac24ce680d795fbe2ed1757%7Ce9fc0976-8d96-4075-bf16-4b91ae79401c&AppEnvironment=datacollector-binary&UploadType=eteventstream] status=Processing
[2018.09.23-17.19.47:179][208]LogModuleManager: Shutting down and abandoning module SSL (40)
[2018.09.23-17.19.47:180][208]LogModuleManager: Shutting down and abandoning module AnimationModifiers (36)
[2018.09.23-17.19.47:180][208]LogModuleManager: Shutting down and abandoning module PropertyEditor (35)
[2018.09.23-17.19.47:180][208]LogModuleManager: Shutting down and abandoning module AudioEditor (32)
[2018.09.23-17.19.47:180][208]LogModuleManager: Shutting down and abandoning module TextureCompressor (30)
[2018.09.23-17.19.47:180][208]LogModuleManager: Shutting down and abandoning module ShaderCore (28)
[2018.09.23-17.19.47:180][208]LogModuleManager: Shutting down and abandoning module Landscape (26)
[2018.09.23-17.19.47:180][208]LogModuleManager: Shutting down and abandoning module SlateRHIRenderer (24)
[2018.09.23-17.19.47:181][208]LogModuleManager: Shutting down and abandoning module OpenGLDrv (22)
[2018.09.23-17.19.47:181][208]LogModuleManager: Shutting down and abandoning module D3D11RHI (20)
[2018.09.23-17.19.47:181][208]LogModuleManager: Shutting down and abandoning module AnimGraphRuntime (18)
[2018.09.23-17.19.47:181][208]LogModuleManager: Shutting down and abandoning module Renderer (16)
[2018.09.23-17.19.47:181][208]LogModuleManager: Shutting down and abandoning module Engine (14)
[2018.09.23-17.19.47:181][208]LogModuleManager: Shutting down and abandoning module CoreUObject (12)
[2018.09.23-17.19.47:181][208]LogModuleManager: Shutting down and abandoning module NetworkFile (10)
[2018.09.23-17.19.47:181][208]LogModuleManager: Shutting down and abandoning module CookedIterativeFile (8)
[2018.09.23-17.19.47:181][208]LogModuleManager: Shutting down and abandoning module StreamingFile (6)
[2018.09.23-17.19.47:181][208]LogModuleManager: Shutting down and abandoning module SandboxFile (4)
[2018.09.23-17.19.47:181][208]LogModuleManager: Shutting down and abandoning module PakFile (2)
[2018.09.23-17.19.47:185][208]LogExit: Exiting.
[2018.09.23-17.19.47:192][208]Log file closed, 09/23/18 13:19:47
